============================= test session starts ==============================
platform linux -- Python 3.11.15, pytest-8.4.2, pluggy-1.6.0 -- /usr/local/bin/python3.11
cachedir: .pytest_cache
rootdir: /app
configfile: pytest.ini
testpaths: tests
plugins: cov-7.1.0, anyio-4.12.1
collecting ... collected 12 items

tests/test_audit_service.py::test_audit_service_exists PASSED            [  8%]
tests/test_audit_service.py::test_audit_service_has_method PASSED        [ 16%]
tests/test_health.py::test_health PASSED                                 [ 25%]
tests/test_idempotency.py::test_same_request_returns_same_transaction FAILED [ 33%]
tests/test_idempotency.py::test_same_key_different_payload FAILED        [ 41%]
tests/test_metrics.py::test_metrics_endpoint FAILED                      [ 50%]
tests/test_payment_processor.py::test_payment_processor_exists PASSED    [ 58%]
tests/test_payment_processor.py::test_payment_processor_has_method PASSED [ 66%]
tests/test_payment_worker.py::test_payment_worker_executes FAILED        [ 75%]
tests/test_transactions.py::test_create_transaction FAILED               [ 83%]
tests/test_webhook_service.py::test_webhook_service_exists PASSED        [ 91%]
tests/test_webhook_service.py::test_webhook_service_has_method PASSED    [100%]

=================================== FAILURES ===================================
__________________ test_same_request_returns_same_transaction __________________

self = <sqlalchemy.engine.base.Connection object at 0xffffb086fd90>
engine = Engine(postgresql://postgres:***@localhost:5432/pulsepay_test)
connection = None, _has_events = None, _allow_revalidate = True
_allow_autobegin = True

    def __init__(
        self,
        engine: Engine,
        connection: Optional[PoolProxiedConnection] = None,
        _has_events: Optional[bool] = None,
        _allow_revalidate: bool = True,
        _allow_autobegin: bool = True,
    ):
        """Construct a new Connection."""
        self.engine = engine
        self.dialect = dialect = engine.dialect
    
        if connection is None:
            try:
>               self._dbapi_connection = engine.raw_connection()
                                         ^^^^^^^^^^^^^^^^^^^^^^^

/usr/local/lib/python3.11/site-packages/sqlalchemy/engine/base.py:143: 
_ _ _ _ _ _ _ _ _ _ _ _ _ _ _ _ _ _ _ _ _ _ _ _ _ _ _ _ _ _ _ _ _ _ _ _ _ _ _ _ 
/usr/local/lib/python3.11/site-packages/sqlalchemy/engine/base.py:3317: in raw_connection
    return self.pool.connect()
           ^^^^^^^^^^^^^^^^^^^
/usr/local/lib/python3.11/site-packages/sqlalchemy/pool/base.py:448: in connect
    return _ConnectionFairy._checkout(self)
           ^^^^^^^^^^^^^^^^^^^^^^^^^^^^^^^^
/usr/local/lib/python3.11/site-packages/sqlalchemy/pool/base.py:1272: in _checkout
    fairy = _ConnectionRecord.checkout(pool)
            ^^^^^^^^^^^^^^^^^^^^^^^^^^^^^^^^
/usr/local/lib/python3.11/site-packages/sqlalchemy/pool/base.py:712: in checkout
    rec = pool._do_get()
          ^^^^^^^^^^^^^^
/usr/local/lib/python3.11/site-packages/sqlalchemy/pool/impl.py:177: in _do_get
    with util.safe_reraise():
/usr/local/lib/python3.11/site-packages/sqlalchemy/util/langhelpers.py:121: in __exit__
    raise exc_value.with_traceback(exc_tb)
/usr/local/lib/python3.11/site-packages/sqlalchemy/pool/impl.py:175: in _do_get
    return self._create_connection()
           ^^^^^^^^^^^^^^^^^^^^^^^^^
/usr/local/lib/python3.11/site-packages/sqlalchemy/pool/base.py:389: in _create_connection
    return _ConnectionRecord(self)
           ^^^^^^^^^^^^^^^^^^^^^^^
/usr/local/lib/python3.11/site-packages/sqlalchemy/pool/base.py:674: in __init__
    self.__connect()
/usr/local/lib/python3.11/site-packages/sqlalchemy/pool/base.py:900: in __connect
    with util.safe_reraise():
/usr/local/lib/python3.11/site-packages/sqlalchemy/util/langhelpers.py:121: in __exit__
    raise exc_value.with_traceback(exc_tb)
/usr/local/lib/python3.11/site-packages/sqlalchemy/pool/base.py:896: in __connect
    self.dbapi_connection = connection = pool._invoke_creator(self)
                                         ^^^^^^^^^^^^^^^^^^^^^^^^^^
/usr/local/lib/python3.11/site-packages/sqlalchemy/engine/create.py:667: in connect
    return dialect.connect(*cargs_tup, **cparams)
           ^^^^^^^^^^^^^^^^^^^^^^^^^^^^^^^^^^^^^^
/usr/local/lib/python3.11/site-packages/sqlalchemy/engine/default.py:630: in connect
    return self.loaded_dbapi.connect(*cargs, **cparams)  # type: ignore[no-any-return]  # NOQA: E501
           ^^^^^^^^^^^^^^^^^^^^^^^^^^^^^^^^^^^^^^^^^^^^
_ _ _ _ _ _ _ _ _ _ _ _ _ _ _ _ _ _ _ _ _ _ _ _ _ _ _ _ _ _ _ _ _ _ _ _ _ _ _ _ 

dsn = 'host=localhost dbname=pulsepay_test user=postgres password=postgres port=5432'
connection_factory = None, cursor_factory = None
kwargs = {'dbname': 'pulsepay_test', 'host': 'localhost', 'password': 'postgres', 'port': 5432, ...}
kwasync = {}

    def connect(dsn=None, connection_factory=None, cursor_factory=None, **kwargs):
        """
        Create a new database connection.
    
        The connection parameters can be specified as a string:
    
            conn = psycopg2.connect("dbname=test user=postgres password=secret")
    
        or using a set of keyword arguments:
    
            conn = psycopg2.connect(database="test", user="postgres", password="secret")
    
        Or as a mix of both. The basic connection parameters are:
    
        - *dbname*: the database name
        - *database*: the database name (only as keyword argument)
        - *user*: user name used to authenticate
        - *password*: password used to authenticate
        - *host*: database host address (defaults to UNIX socket if not provided)
        - *port*: connection port number (defaults to 5432 if not provided)
    
        Using the *connection_factory* parameter a different class or connections
        factory can be specified. It should be a callable object taking a dsn
        argument.
    
        Using the *cursor_factory* parameter, a new default cursor factory will be
        used by cursor().
    
        Using *async*=True an asynchronous connection will be created. *async_* is
        a valid alias (for Python versions where ``async`` is a keyword).
    
        Any other keyword parameter will be passed to the underlying client
        library: the list of supported parameters depends on the library version.
    
        """
        kwasync = {}
        if 'async' in kwargs:
            kwasync['async'] = kwargs.pop('async')
        if 'async_' in kwargs:
            kwasync['async_'] = kwargs.pop('async_')
    
        dsn = _ext.make_dsn(dsn, **kwargs)
>       conn = _connect(dsn, connection_factory=connection_factory, **kwasync)
               ^^^^^^^^^^^^^^^^^^^^^^^^^^^^^^^^^^^^^^^^^^^^^^^^^^^^^^^^^^^^^^^
E       psycopg2.OperationalError: connection to server at "localhost" (::1), port 5432 failed: Connection refused
E       	Is the server running on that host and accepting TCP/IP connections?
E       connection to server at "localhost" (127.0.0.1), port 5432 failed: Connection refused
E       	Is the server running on that host and accepting TCP/IP connections?

/usr/local/lib/python3.11/site-packages/psycopg2/__init__.py:122: OperationalError

The above exception was the direct cause of the following exception:

    def test_same_request_returns_same_transaction():
    
        payload = {
            "amount": 500,
            "currency": "USD"
        }
    
        headers = {
            "idempotency-key": "duplicate-test"
        }
    
>       response_1 = client.post(
            "/transactions/",
            headers=headers,
            json=payload
        )

tests/test_idempotency.py:17: 
_ _ _ _ _ _ _ _ _ _ _ _ _ _ _ _ _ _ _ _ _ _ _ _ _ _ _ _ _ _ _ _ _ _ _ _ _ _ _ _ 
/usr/local/lib/python3.11/site-packages/starlette/testclient.py:552: in post
    return super().post(
/usr/local/lib/python3.11/site-packages/httpx/_client.py:1144: in post
    return self.request(
/usr/local/lib/python3.11/site-packages/starlette/testclient.py:451: in request
    return super().request(
/usr/local/lib/python3.11/site-packages/httpx/_client.py:825: in request
    return self.send(request, auth=auth, follow_redirects=follow_redirects)
           ^^^^^^^^^^^^^^^^^^^^^^^^^^^^^^^^^^^^^^^^^^^^^^^^^^^^^^^^^^^^^^^^
/usr/local/lib/python3.11/site-packages/httpx/_client.py:914: in send
    response = self._send_handling_auth(
/usr/local/lib/python3.11/site-packages/httpx/_client.py:942: in _send_handling_auth
    response = self._send_handling_redirects(
/usr/local/lib/python3.11/site-packages/httpx/_client.py:979: in _send_handling_redirects
    response = self._send_single_request(request)
               ^^^^^^^^^^^^^^^^^^^^^^^^^^^^^^^^^^
/usr/local/lib/python3.11/site-packages/httpx/_client.py:1014: in _send_single_request
    response = transport.handle_request(request)
               ^^^^^^^^^^^^^^^^^^^^^^^^^^^^^^^^^
/usr/local/lib/python3.11/site-packages/starlette/testclient.py:354: in handle_request
    raise exc
/usr/local/lib/python3.11/site-packages/starlette/testclient.py:351: in handle_request
    portal.call(self.app, scope, receive, send)
/usr/local/lib/python3.11/site-packages/anyio/from_thread.py:334: in call
    return cast(T_Retval, self.start_task_soon(func, *args).result())
                          ^^^^^^^^^^^^^^^^^^^^^^^^^^^^^^^^^^^^^^^^^^
/usr/local/lib/python3.11/concurrent/futures/_base.py:456: in result
    return self.__get_result()
           ^^^^^^^^^^^^^^^^^^^
/usr/local/lib/python3.11/concurrent/futures/_base.py:401: in __get_result
    raise self._exception
/usr/local/lib/python3.11/site-packages/anyio/from_thread.py:259: in _call_func
    retval = await retval_or_awaitable
             ^^^^^^^^^^^^^^^^^^^^^^^^^
/usr/local/lib/python3.11/site-packages/fastapi/applications.py:1138: in __call__
    await super().__call__(scope, receive, send)
/usr/local/lib/python3.11/site-packages/starlette/applications.py:113: in __call__
    await self.middleware_stack(scope, receive, send)
/usr/local/lib/python3.11/site-packages/starlette/middleware/errors.py:186: in __call__
    raise exc
/usr/local/lib/python3.11/site-packages/starlette/middleware/errors.py:164: in __call__
    await self.app(scope, receive, _send)
/usr/local/lib/python3.11/site-packages/starlette/middleware/base.py:191: in __call__
    with recv_stream, send_stream, collapse_excgroups():
/usr/local/lib/python3.11/contextlib.py:158: in __exit__
    self.gen.throw(typ, value, traceback)
/usr/local/lib/python3.11/site-packages/starlette/_utils.py:85: in collapse_excgroups
    raise exc
/usr/local/lib/python3.11/site-packages/starlette/middleware/base.py:193: in __call__
    response = await self.dispatch_func(request, call_next)
               ^^^^^^^^^^^^^^^^^^^^^^^^^^^^^^^^^^^^^^^^^^^^
backend/core/request_middleware.py:35: in log_requests
    response = await call_next(request)
               ^^^^^^^^^^^^^^^^^^^^^^^^
/usr/local/lib/python3.11/site-packages/starlette/middleware/base.py:168: in call_next
    raise app_exc from app_exc.__cause__ or app_exc.__context__
/usr/local/lib/python3.11/site-packages/starlette/middleware/base.py:144: in coro
    await self.app(scope, receive_or_disconnect, send_no_error)
/usr/local/lib/python3.11/site-packages/starlette/middleware/exceptions.py:63: in __call__
    await wrap_app_handling_exceptions(self.app, conn)(scope, receive, send)
/usr/local/lib/python3.11/site-packages/starlette/_exception_handler.py:53: in wrapped_app
    raise exc
/usr/local/lib/python3.11/site-packages/starlette/_exception_handler.py:42: in wrapped_app
    await app(scope, receive, sender)
/usr/local/lib/python3.11/site-packages/fastapi/middleware/asyncexitstack.py:18: in __call__
    await self.app(scope, receive, send)
/usr/local/lib/python3.11/site-packages/starlette/routing.py:716: in __call__
    await self.middleware_stack(scope, receive, send)
/usr/local/lib/python3.11/site-packages/starlette/routing.py:736: in app
    await route.handle(scope, receive, send)
/usr/local/lib/python3.11/site-packages/starlette/routing.py:290: in handle
    await self.app(scope, receive, send)
/usr/local/lib/python3.11/site-packages/fastapi/routing.py:121: in app
    await wrap_app_handling_exceptions(app, request)(scope, receive, send)
/usr/local/lib/python3.11/site-packages/starlette/_exception_handler.py:53: in wrapped_app
    raise exc
/usr/local/lib/python3.11/site-packages/starlette/_exception_handler.py:42: in wrapped_app
    await app(scope, receive, sender)
/usr/local/lib/python3.11/site-packages/fastapi/routing.py:107: in app
    response = await f(request)
               ^^^^^^^^^^^^^^^^
/usr/local/lib/python3.11/site-packages/fastapi/routing.py:426: in app
    raw_response = await run_endpoint_function(
/usr/local/lib/python3.11/site-packages/fastapi/routing.py:316: in run_endpoint_function
    return await run_in_threadpool(dependant.call, **values)
           ^^^^^^^^^^^^^^^^^^^^^^^^^^^^^^^^^^^^^^^^^^^^^^^^^
/usr/local/lib/python3.11/site-packages/starlette/concurrency.py:38: in run_in_threadpool
    return await anyio.to_thread.run_sync(func)
           ^^^^^^^^^^^^^^^^^^^^^^^^^^^^^^^^^^^^
/usr/local/lib/python3.11/site-packages/anyio/to_thread.py:63: in run_sync
    return await get_async_backend().run_sync_in_worker_thread(
/usr/local/lib/python3.11/site-packages/anyio/_backends/_asyncio.py:2502: in run_sync_in_worker_thread
    return await future
           ^^^^^^^^^^^^
/usr/local/lib/python3.11/site-packages/anyio/_backends/_asyncio.py:986: in run
    result = context.run(func, *args)
             ^^^^^^^^^^^^^^^^^^^^^^^^
backend/api/transaction_routes.py:50: in create_transaction
    TransactionService.create_transaction(
backend/services/transaction_service.py:48: in create_transaction
    IdempotencyService.validate_idempotency(
backend/services/idempotency_service.py:41: in validate_idempotency
    IdempotencyRepository.get_by_key(
backend/repositories/idempotency_repository.py:32: in get_by_key
    .first()
     ^^^^^^^
/usr/local/lib/python3.11/site-packages/sqlalchemy/orm/query.py:2766: in first
    return self.limit(1)._iter().first()  # type: ignore
           ^^^^^^^^^^^^^^^^^^^^^
/usr/local/lib/python3.11/site-packages/sqlalchemy/orm/query.py:2864: in _iter
    result: Union[ScalarResult[_T], Result[_T]] = self.session.execute(
/usr/local/lib/python3.11/site-packages/sqlalchemy/orm/session.py:2351: in execute
    return self._execute_internal(
/usr/local/lib/python3.11/site-packages/sqlalchemy/orm/session.py:2239: in _execute_internal
    conn = self._connection_for_bind(bind)
           ^^^^^^^^^^^^^^^^^^^^^^^^^^^^^^^
/usr/local/lib/python3.11/site-packages/sqlalchemy/orm/session.py:2108: in _connection_for_bind
    return trans._connection_for_bind(engine, execution_options)
           ^^^^^^^^^^^^^^^^^^^^^^^^^^^^^^^^^^^^^^^^^^^^^^^^^^^^^
<string>:2: in _connection_for_bind
    ???
/usr/local/lib/python3.11/site-packages/sqlalchemy/orm/state_changes.py:137: in _go
    ret_value = fn(self, *arg, **kw)
                ^^^^^^^^^^^^^^^^^^^^
/usr/local/lib/python3.11/site-packages/sqlalchemy/orm/session.py:1187: in _connection_for_bind
    conn = bind.connect()
           ^^^^^^^^^^^^^^
/usr/local/lib/python3.11/site-packages/sqlalchemy/engine/base.py:3293: in connect
    return self._connection_cls(self)
           ^^^^^^^^^^^^^^^^^^^^^^^^^^
/usr/local/lib/python3.11/site-packages/sqlalchemy/engine/base.py:145: in __init__
    Connection._handle_dbapi_exception_noconnection(
/usr/local/lib/python3.11/site-packages/sqlalchemy/engine/base.py:2448: in _handle_dbapi_exception_noconnection
    raise sqlalchemy_exception.with_traceback(exc_info[2]) from e
/usr/local/lib/python3.11/site-packages/sqlalchemy/engine/base.py:143: in __init__
    self._dbapi_connection = engine.raw_connection()
                             ^^^^^^^^^^^^^^^^^^^^^^^
/usr/local/lib/python3.11/site-packages/sqlalchemy/engine/base.py:3317: in raw_connection
    return self.pool.connect()
           ^^^^^^^^^^^^^^^^^^^
/usr/local/lib/python3.11/site-packages/sqlalchemy/pool/base.py:448: in connect
    return _ConnectionFairy._checkout(self)
           ^^^^^^^^^^^^^^^^^^^^^^^^^^^^^^^^
/usr/local/lib/python3.11/site-packages/sqlalchemy/pool/base.py:1272: in _checkout
    fairy = _ConnectionRecord.checkout(pool)
            ^^^^^^^^^^^^^^^^^^^^^^^^^^^^^^^^
/usr/local/lib/python3.11/site-packages/sqlalchemy/pool/base.py:712: in checkout
    rec = pool._do_get()
          ^^^^^^^^^^^^^^
/usr/local/lib/python3.11/site-packages/sqlalchemy/pool/impl.py:177: in _do_get
    with util.safe_reraise():
/usr/local/lib/python3.11/site-packages/sqlalchemy/util/langhelpers.py:121: in __exit__
    raise exc_value.with_traceback(exc_tb)
/usr/local/lib/python3.11/site-packages/sqlalchemy/pool/impl.py:175: in _do_get
    return self._create_connection()
           ^^^^^^^^^^^^^^^^^^^^^^^^^
/usr/local/lib/python3.11/site-packages/sqlalchemy/pool/base.py:389: in _create_connection
    return _ConnectionRecord(self)
           ^^^^^^^^^^^^^^^^^^^^^^^
/usr/local/lib/python3.11/site-packages/sqlalchemy/pool/base.py:674: in __init__
    self.__connect()
/usr/local/lib/python3.11/site-packages/sqlalchemy/pool/base.py:900: in __connect
    with util.safe_reraise():
/usr/local/lib/python3.11/site-packages/sqlalchemy/util/langhelpers.py:121: in __exit__
    raise exc_value.with_traceback(exc_tb)
/usr/local/lib/python3.11/site-packages/sqlalchemy/pool/base.py:896: in __connect
    self.dbapi_connection = connection = pool._invoke_creator(self)
                                         ^^^^^^^^^^^^^^^^^^^^^^^^^^
/usr/local/lib/python3.11/site-packages/sqlalchemy/engine/create.py:667: in connect
    return dialect.connect(*cargs_tup, **cparams)
           ^^^^^^^^^^^^^^^^^^^^^^^^^^^^^^^^^^^^^^
/usr/local/lib/python3.11/site-packages/sqlalchemy/engine/default.py:630: in connect
    return self.loaded_dbapi.connect(*cargs, **cparams)  # type: ignore[no-any-return]  # NOQA: E501
           ^^^^^^^^^^^^^^^^^^^^^^^^^^^^^^^^^^^^^^^^^^^^
_ _ _ _ _ _ _ _ _ _ _ _ _ _ _ _ _ _ _ _ _ _ _ _ _ _ _ _ _ _ _ _ _ _ _ _ _ _ _ _ 

dsn = 'host=localhost dbname=pulsepay_test user=postgres password=postgres port=5432'
connection_factory = None, cursor_factory = None
kwargs = {'dbname': 'pulsepay_test', 'host': 'localhost', 'password': 'postgres', 'port': 5432, ...}
kwasync = {}

    def connect(dsn=None, connection_factory=None, cursor_factory=None, **kwargs):
        """
        Create a new database connection.
    
        The connection parameters can be specified as a string:
    
            conn = psycopg2.connect("dbname=test user=postgres password=secret")
    
        or using a set of keyword arguments:
    
            conn = psycopg2.connect(database="test", user="postgres", password="secret")
    
        Or as a mix of both. The basic connection parameters are:
    
        - *dbname*: the database name
        - *database*: the database name (only as keyword argument)
        - *user*: user name used to authenticate
        - *password*: password used to authenticate
        - *host*: database host address (defaults to UNIX socket if not provided)
        - *port*: connection port number (defaults to 5432 if not provided)
    
        Using the *connection_factory* parameter a different class or connections
        factory can be specified. It should be a callable object taking a dsn
        argument.
    
        Using the *cursor_factory* parameter, a new default cursor factory will be
        used by cursor().
    
        Using *async*=True an asynchronous connection will be created. *async_* is
        a valid alias (for Python versions where ``async`` is a keyword).
    
        Any other keyword parameter will be passed to the underlying client
        library: the list of supported parameters depends on the library version.
    
        """
        kwasync = {}
        if 'async' in kwargs:
            kwasync['async'] = kwargs.pop('async')
        if 'async_' in kwargs:
            kwasync['async_'] = kwargs.pop('async_')
    
        dsn = _ext.make_dsn(dsn, **kwargs)
>       conn = _connect(dsn, connection_factory=connection_factory, **kwasync)
               ^^^^^^^^^^^^^^^^^^^^^^^^^^^^^^^^^^^^^^^^^^^^^^^^^^^^^^^^^^^^^^^
E       sqlalchemy.exc.OperationalError: (psycopg2.OperationalError) connection to server at "localhost" (::1), port 5432 failed: Connection refused
E       	Is the server running on that host and accepting TCP/IP connections?
E       connection to server at "localhost" (127.0.0.1), port 5432 failed: Connection refused
E       	Is the server running on that host and accepting TCP/IP connections?
E       
E       (Background on this error at: https://sqlalche.me/e/20/e3q8)

/usr/local/lib/python3.11/site-packages/psycopg2/__init__.py:122: OperationalError
----------------------------- Captured stderr call -----------------------------
2026-09-02 08:53:18,658 | INFO | Request started | request_id=10e1d404-4d2e-4f34-a8bb-25e8258f6776 | method=POST | path=/transactions/
------------------------------ Captured log call -------------------------------
INFO     pulsepay:request_middleware.py:28 Request started | request_id=10e1d404-4d2e-4f34-a8bb-25e8258f6776 | method=POST | path=/transactions/
_______________________ test_same_key_different_payload ________________________

self = <sqlalchemy.engine.base.Connection object at 0xffffaa3702d0>
engine = Engine(postgresql://postgres:***@localhost:5432/pulsepay_test)
connection = None, _has_events = None, _allow_revalidate = True
_allow_autobegin = True

    def __init__(
        self,
        engine: Engine,
        connection: Optional[PoolProxiedConnection] = None,
        _has_events: Optional[bool] = None,
        _allow_revalidate: bool = True,
        _allow_autobegin: bool = True,
    ):
        """Construct a new Connection."""
        self.engine = engine
        self.dialect = dialect = engine.dialect
    
        if connection is None:
            try:
>               self._dbapi_connection = engine.raw_connection()
                                         ^^^^^^^^^^^^^^^^^^^^^^^

/usr/local/lib/python3.11/site-packages/sqlalchemy/engine/base.py:143: 
_ _ _ _ _ _ _ _ _ _ _ _ _ _ _ _ _ _ _ _ _ _ _ _ _ _ _ _ _ _ _ _ _ _ _ _ _ _ _ _ 
/usr/local/lib/python3.11/site-packages/sqlalchemy/engine/base.py:3317: in raw_connection
    return self.pool.connect()
           ^^^^^^^^^^^^^^^^^^^
/usr/local/lib/python3.11/site-packages/sqlalchemy/pool/base.py:448: in connect
    return _ConnectionFairy._checkout(self)
           ^^^^^^^^^^^^^^^^^^^^^^^^^^^^^^^^
/usr/local/lib/python3.11/site-packages/sqlalchemy/pool/base.py:1272: in _checkout
    fairy = _ConnectionRecord.checkout(pool)
            ^^^^^^^^^^^^^^^^^^^^^^^^^^^^^^^^
/usr/local/lib/python3.11/site-packages/sqlalchemy/pool/base.py:712: in checkout
    rec = pool._do_get()
          ^^^^^^^^^^^^^^
/usr/local/lib/python3.11/site-packages/sqlalchemy/pool/impl.py:177: in _do_get
    with util.safe_reraise():
/usr/local/lib/python3.11/site-packages/sqlalchemy/util/langhelpers.py:121: in __exit__
    raise exc_value.with_traceback(exc_tb)
/usr/local/lib/python3.11/site-packages/sqlalchemy/pool/impl.py:175: in _do_get
    return self._create_connection()
           ^^^^^^^^^^^^^^^^^^^^^^^^^
/usr/local/lib/python3.11/site-packages/sqlalchemy/pool/base.py:389: in _create_connection
    return _ConnectionRecord(self)
           ^^^^^^^^^^^^^^^^^^^^^^^
/usr/local/lib/python3.11/site-packages/sqlalchemy/pool/base.py:674: in __init__
    self.__connect()
/usr/local/lib/python3.11/site-packages/sqlalchemy/pool/base.py:900: in __connect
    with util.safe_reraise():
/usr/local/lib/python3.11/site-packages/sqlalchemy/util/langhelpers.py:121: in __exit__
    raise exc_value.with_traceback(exc_tb)
/usr/local/lib/python3.11/site-packages/sqlalchemy/pool/base.py:896: in __connect
    self.dbapi_connection = connection = pool._invoke_creator(self)
                                         ^^^^^^^^^^^^^^^^^^^^^^^^^^
/usr/local/lib/python3.11/site-packages/sqlalchemy/engine/create.py:667: in connect
    return dialect.connect(*cargs_tup, **cparams)
           ^^^^^^^^^^^^^^^^^^^^^^^^^^^^^^^^^^^^^^
/usr/local/lib/python3.11/site-packages/sqlalchemy/engine/default.py:630: in connect
    return self.loaded_dbapi.connect(*cargs, **cparams)  # type: ignore[no-any-return]  # NOQA: E501
           ^^^^^^^^^^^^^^^^^^^^^^^^^^^^^^^^^^^^^^^^^^^^
_ _ _ _ _ _ _ _ _ _ _ _ _ _ _ _ _ _ _ _ _ _ _ _ _ _ _ _ _ _ _ _ _ _ _ _ _ _ _ _ 

dsn = 'host=localhost dbname=pulsepay_test user=postgres password=postgres port=5432'
connection_factory = None, cursor_factory = None
kwargs = {'dbname': 'pulsepay_test', 'host': 'localhost', 'password': 'postgres', 'port': 5432, ...}
kwasync = {}

    def connect(dsn=None, connection_factory=None, cursor_factory=None, **kwargs):
        """
        Create a new database connection.
    
        The connection parameters can be specified as a string:
    
            conn = psycopg2.connect("dbname=test user=postgres password=secret")
    
        or using a set of keyword arguments:
    
            conn = psycopg2.connect(database="test", user="postgres", password="secret")
    
        Or as a mix of both. The basic connection parameters are:
    
        - *dbname*: the database name
        - *database*: the database name (only as keyword argument)
        - *user*: user name used to authenticate
        - *password*: password used to authenticate
        - *host*: database host address (defaults to UNIX socket if not provided)
        - *port*: connection port number (defaults to 5432 if not provided)
    
        Using the *connection_factory* parameter a different class or connections
        factory can be specified. It should be a callable object taking a dsn
        argument.
    
        Using the *cursor_factory* parameter, a new default cursor factory will be
        used by cursor().
    
        Using *async*=True an asynchronous connection will be created. *async_* is
        a valid alias (for Python versions where ``async`` is a keyword).
    
        Any other keyword parameter will be passed to the underlying client
        library: the list of supported parameters depends on the library version.
    
        """
        kwasync = {}
        if 'async' in kwargs:
            kwasync['async'] = kwargs.pop('async')
        if 'async_' in kwargs:
            kwasync['async_'] = kwargs.pop('async_')
    
        dsn = _ext.make_dsn(dsn, **kwargs)
>       conn = _connect(dsn, connection_factory=connection_factory, **kwasync)
               ^^^^^^^^^^^^^^^^^^^^^^^^^^^^^^^^^^^^^^^^^^^^^^^^^^^^^^^^^^^^^^^
E       psycopg2.OperationalError: connection to server at "localhost" (::1), port 5432 failed: Connection refused
E       	Is the server running on that host and accepting TCP/IP connections?
E       connection to server at "localhost" (127.0.0.1), port 5432 failed: Connection refused
E       	Is the server running on that host and accepting TCP/IP connections?

/usr/local/lib/python3.11/site-packages/psycopg2/__init__.py:122: OperationalError

The above exception was the direct cause of the following exception:

    def test_same_key_different_payload():
    
        headers = {
            "idempotency-key": "invalid-key"
        }
    
>       client.post(
            "/transactions/",
            headers=headers,
            json={
                "amount": 100,
                "currency": "USD"
            }
        )

tests/test_idempotency.py:43: 
_ _ _ _ _ _ _ _ _ _ _ _ _ _ _ _ _ _ _ _ _ _ _ _ _ _ _ _ _ _ _ _ _ _ _ _ _ _ _ _ 
/usr/local/lib/python3.11/site-packages/starlette/testclient.py:552: in post
    return super().post(
/usr/local/lib/python3.11/site-packages/httpx/_client.py:1144: in post
    return self.request(
/usr/local/lib/python3.11/site-packages/starlette/testclient.py:451: in request
    return super().request(
/usr/local/lib/python3.11/site-packages/httpx/_client.py:825: in request
    return self.send(request, auth=auth, follow_redirects=follow_redirects)
           ^^^^^^^^^^^^^^^^^^^^^^^^^^^^^^^^^^^^^^^^^^^^^^^^^^^^^^^^^^^^^^^^
/usr/local/lib/python3.11/site-packages/httpx/_client.py:914: in send
    response = self._send_handling_auth(
/usr/local/lib/python3.11/site-packages/httpx/_client.py:942: in _send_handling_auth
    response = self._send_handling_redirects(
/usr/local/lib/python3.11/site-packages/httpx/_client.py:979: in _send_handling_redirects
    response = self._send_single_request(request)
               ^^^^^^^^^^^^^^^^^^^^^^^^^^^^^^^^^^
/usr/local/lib/python3.11/site-packages/httpx/_client.py:1014: in _send_single_request
    response = transport.handle_request(request)
               ^^^^^^^^^^^^^^^^^^^^^^^^^^^^^^^^^
/usr/local/lib/python3.11/site-packages/starlette/testclient.py:354: in handle_request
    raise exc
/usr/local/lib/python3.11/site-packages/starlette/testclient.py:351: in handle_request
    portal.call(self.app, scope, receive, send)
/usr/local/lib/python3.11/site-packages/anyio/from_thread.py:334: in call
    return cast(T_Retval, self.start_task_soon(func, *args).result())
                          ^^^^^^^^^^^^^^^^^^^^^^^^^^^^^^^^^^^^^^^^^^
/usr/local/lib/python3.11/concurrent/futures/_base.py:456: in result
    return self.__get_result()
           ^^^^^^^^^^^^^^^^^^^
/usr/local/lib/python3.11/concurrent/futures/_base.py:401: in __get_result
    raise self._exception
/usr/local/lib/python3.11/site-packages/anyio/from_thread.py:259: in _call_func
    retval = await retval_or_awaitable
             ^^^^^^^^^^^^^^^^^^^^^^^^^
/usr/local/lib/python3.11/site-packages/fastapi/applications.py:1138: in __call__
    await super().__call__(scope, receive, send)
/usr/local/lib/python3.11/site-packages/starlette/applications.py:113: in __call__
    await self.middleware_stack(scope, receive, send)
/usr/local/lib/python3.11/site-packages/starlette/middleware/errors.py:186: in __call__
    raise exc
/usr/local/lib/python3.11/site-packages/starlette/middleware/errors.py:164: in __call__
    await self.app(scope, receive, _send)
/usr/local/lib/python3.11/site-packages/starlette/middleware/base.py:191: in __call__
    with recv_stream, send_stream, collapse_excgroups():
/usr/local/lib/python3.11/contextlib.py:158: in __exit__
    self.gen.throw(typ, value, traceback)
/usr/local/lib/python3.11/site-packages/starlette/_utils.py:85: in collapse_excgroups
    raise exc
/usr/local/lib/python3.11/site-packages/starlette/middleware/base.py:193: in __call__
    response = await self.dispatch_func(request, call_next)
               ^^^^^^^^^^^^^^^^^^^^^^^^^^^^^^^^^^^^^^^^^^^^
backend/core/request_middleware.py:35: in log_requests
    response = await call_next(request)
               ^^^^^^^^^^^^^^^^^^^^^^^^
/usr/local/lib/python3.11/site-packages/starlette/middleware/base.py:168: in call_next
    raise app_exc from app_exc.__cause__ or app_exc.__context__
/usr/local/lib/python3.11/site-packages/starlette/middleware/base.py:144: in coro
    await self.app(scope, receive_or_disconnect, send_no_error)
/usr/local/lib/python3.11/site-packages/starlette/middleware/exceptions.py:63: in __call__
    await wrap_app_handling_exceptions(self.app, conn)(scope, receive, send)
/usr/local/lib/python3.11/site-packages/starlette/_exception_handler.py:53: in wrapped_app
    raise exc
/usr/local/lib/python3.11/site-packages/starlette/_exception_handler.py:42: in wrapped_app
    await app(scope, receive, sender)
/usr/local/lib/python3.11/site-packages/fastapi/middleware/asyncexitstack.py:18: in __call__
    await self.app(scope, receive, send)
/usr/local/lib/python3.11/site-packages/starlette/routing.py:716: in __call__
    await self.middleware_stack(scope, receive, send)
/usr/local/lib/python3.11/site-packages/starlette/routing.py:736: in app
    await route.handle(scope, receive, send)
/usr/local/lib/python3.11/site-packages/starlette/routing.py:290: in handle
    await self.app(scope, receive, send)
/usr/local/lib/python3.11/site-packages/fastapi/routing.py:121: in app
    await wrap_app_handling_exceptions(app, request)(scope, receive, send)
/usr/local/lib/python3.11/site-packages/starlette/_exception_handler.py:53: in wrapped_app
    raise exc
/usr/local/lib/python3.11/site-packages/starlette/_exception_handler.py:42: in wrapped_app
    await app(scope, receive, sender)
/usr/local/lib/python3.11/site-packages/fastapi/routing.py:107: in app
    response = await f(request)
               ^^^^^^^^^^^^^^^^
/usr/local/lib/python3.11/site-packages/fastapi/routing.py:426: in app
    raw_response = await run_endpoint_function(
/usr/local/lib/python3.11/site-packages/fastapi/routing.py:316: in run_endpoint_function
    return await run_in_threadpool(dependant.call, **values)
           ^^^^^^^^^^^^^^^^^^^^^^^^^^^^^^^^^^^^^^^^^^^^^^^^^
/usr/local/lib/python3.11/site-packages/starlette/concurrency.py:38: in run_in_threadpool
    return await anyio.to_thread.run_sync(func)
           ^^^^^^^^^^^^^^^^^^^^^^^^^^^^^^^^^^^^
/usr/local/lib/python3.11/site-packages/anyio/to_thread.py:63: in run_sync
    return await get_async_backend().run_sync_in_worker_thread(
/usr/local/lib/python3.11/site-packages/anyio/_backends/_asyncio.py:2502: in run_sync_in_worker_thread
    return await future
           ^^^^^^^^^^^^
/usr/local/lib/python3.11/site-packages/anyio/_backends/_asyncio.py:986: in run
    result = context.run(func, *args)
             ^^^^^^^^^^^^^^^^^^^^^^^^
backend/api/transaction_routes.py:50: in create_transaction
    TransactionService.create_transaction(
backend/services/transaction_service.py:48: in create_transaction
    IdempotencyService.validate_idempotency(
backend/services/idempotency_service.py:41: in validate_idempotency
    IdempotencyRepository.get_by_key(
backend/repositories/idempotency_repository.py:32: in get_by_key
    .first()
     ^^^^^^^
/usr/local/lib/python3.11/site-packages/sqlalchemy/orm/query.py:2766: in first
    return self.limit(1)._iter().first()  # type: ignore
           ^^^^^^^^^^^^^^^^^^^^^
/usr/local/lib/python3.11/site-packages/sqlalchemy/orm/query.py:2864: in _iter
    result: Union[ScalarResult[_T], Result[_T]] = self.session.execute(
/usr/local/lib/python3.11/site-packages/sqlalchemy/orm/session.py:2351: in execute
    return self._execute_internal(
/usr/local/lib/python3.11/site-packages/sqlalchemy/orm/session.py:2239: in _execute_internal
    conn = self._connection_for_bind(bind)
           ^^^^^^^^^^^^^^^^^^^^^^^^^^^^^^^
/usr/local/lib/python3.11/site-packages/sqlalchemy/orm/session.py:2108: in _connection_for_bind
    return trans._connection_for_bind(engine, execution_options)
           ^^^^^^^^^^^^^^^^^^^^^^^^^^^^^^^^^^^^^^^^^^^^^^^^^^^^^
<string>:2: in _connection_for_bind
    ???
/usr/local/lib/python3.11/site-packages/sqlalchemy/orm/state_changes.py:137: in _go
    ret_value = fn(self, *arg, **kw)
                ^^^^^^^^^^^^^^^^^^^^
/usr/local/lib/python3.11/site-packages/sqlalchemy/orm/session.py:1187: in _connection_for_bind
    conn = bind.connect()
           ^^^^^^^^^^^^^^
/usr/local/lib/python3.11/site-packages/sqlalchemy/engine/base.py:3293: in connect
    return self._connection_cls(self)
           ^^^^^^^^^^^^^^^^^^^^^^^^^^
/usr/local/lib/python3.11/site-packages/sqlalchemy/engine/base.py:145: in __init__
    Connection._handle_dbapi_exception_noconnection(
/usr/local/lib/python3.11/site-packages/sqlalchemy/engine/base.py:2448: in _handle_dbapi_exception_noconnection
    raise sqlalchemy_exception.with_traceback(exc_info[2]) from e
/usr/local/lib/python3.11/site-packages/sqlalchemy/engine/base.py:143: in __init__
    self._dbapi_connection = engine.raw_connection()
                             ^^^^^^^^^^^^^^^^^^^^^^^
/usr/local/lib/python3.11/site-packages/sqlalchemy/engine/base.py:3317: in raw_connection
    return self.pool.connect()
           ^^^^^^^^^^^^^^^^^^^
/usr/local/lib/python3.11/site-packages/sqlalchemy/pool/base.py:448: in connect
    return _ConnectionFairy._checkout(self)
           ^^^^^^^^^^^^^^^^^^^^^^^^^^^^^^^^
/usr/local/lib/python3.11/site-packages/sqlalchemy/pool/base.py:1272: in _checkout
    fairy = _ConnectionRecord.checkout(pool)
            ^^^^^^^^^^^^^^^^^^^^^^^^^^^^^^^^
/usr/local/lib/python3.11/site-packages/sqlalchemy/pool/base.py:712: in checkout
    rec = pool._do_get()
          ^^^^^^^^^^^^^^
/usr/local/lib/python3.11/site-packages/sqlalchemy/pool/impl.py:177: in _do_get
    with util.safe_reraise():
/usr/local/lib/python3.11/site-packages/sqlalchemy/util/langhelpers.py:121: in __exit__
    raise exc_value.with_traceback(exc_tb)
/usr/local/lib/python3.11/site-packages/sqlalchemy/pool/impl.py:175: in _do_get
    return self._create_connection()
           ^^^^^^^^^^^^^^^^^^^^^^^^^
/usr/local/lib/python3.11/site-packages/sqlalchemy/pool/base.py:389: in _create_connection
    return _ConnectionRecord(self)
           ^^^^^^^^^^^^^^^^^^^^^^^
/usr/local/lib/python3.11/site-packages/sqlalchemy/pool/base.py:674: in __init__
    self.__connect()
/usr/local/lib/python3.11/site-packages/sqlalchemy/pool/base.py:900: in __connect
    with util.safe_reraise():
/usr/local/lib/python3.11/site-packages/sqlalchemy/util/langhelpers.py:121: in __exit__
    raise exc_value.with_traceback(exc_tb)
/usr/local/lib/python3.11/site-packages/sqlalchemy/pool/base.py:896: in __connect
    self.dbapi_connection = connection = pool._invoke_creator(self)
                                         ^^^^^^^^^^^^^^^^^^^^^^^^^^
/usr/local/lib/python3.11/site-packages/sqlalchemy/engine/create.py:667: in connect
    return dialect.connect(*cargs_tup, **cparams)
           ^^^^^^^^^^^^^^^^^^^^^^^^^^^^^^^^^^^^^^
/usr/local/lib/python3.11/site-packages/sqlalchemy/engine/default.py:630: in connect
    return self.loaded_dbapi.connect(*cargs, **cparams)  # type: ignore[no-any-return]  # NOQA: E501
           ^^^^^^^^^^^^^^^^^^^^^^^^^^^^^^^^^^^^^^^^^^^^
_ _ _ _ _ _ _ _ _ _ _ _ _ _ _ _ _ _ _ _ _ _ _ _ _ _ _ _ _ _ _ _ _ _ _ _ _ _ _ _ 

dsn = 'host=localhost dbname=pulsepay_test user=postgres password=postgres port=5432'
connection_factory = None, cursor_factory = None
kwargs = {'dbname': 'pulsepay_test', 'host': 'localhost', 'password': 'postgres', 'port': 5432, ...}
kwasync = {}

    def connect(dsn=None, connection_factory=None, cursor_factory=None, **kwargs):
        """
        Create a new database connection.
    
        The connection parameters can be specified as a string:
    
            conn = psycopg2.connect("dbname=test user=postgres password=secret")
    
        or using a set of keyword arguments:
    
            conn = psycopg2.connect(database="test", user="postgres", password="secret")
    
        Or as a mix of both. The basic connection parameters are:
    
        - *dbname*: the database name
        - *database*: the database name (only as keyword argument)
        - *user*: user name used to authenticate
        - *password*: password used to authenticate
        - *host*: database host address (defaults to UNIX socket if not provided)
        - *port*: connection port number (defaults to 5432 if not provided)
    
        Using the *connection_factory* parameter a different class or connections
        factory can be specified. It should be a callable object taking a dsn
        argument.
    
        Using the *cursor_factory* parameter, a new default cursor factory will be
        used by cursor().
    
        Using *async*=True an asynchronous connection will be created. *async_* is
        a valid alias (for Python versions where ``async`` is a keyword).
    
        Any other keyword parameter will be passed to the underlying client
        library: the list of supported parameters depends on the library version.
    
        """
        kwasync = {}
        if 'async' in kwargs:
            kwasync['async'] = kwargs.pop('async')
        if 'async_' in kwargs:
            kwasync['async_'] = kwargs.pop('async_')
    
        dsn = _ext.make_dsn(dsn, **kwargs)
>       conn = _connect(dsn, connection_factory=connection_factory, **kwasync)
               ^^^^^^^^^^^^^^^^^^^^^^^^^^^^^^^^^^^^^^^^^^^^^^^^^^^^^^^^^^^^^^^
E       sqlalchemy.exc.OperationalError: (psycopg2.OperationalError) connection to server at "localhost" (::1), port 5432 failed: Connection refused
E       	Is the server running on that host and accepting TCP/IP connections?
E       connection to server at "localhost" (127.0.0.1), port 5432 failed: Connection refused
E       	Is the server running on that host and accepting TCP/IP connections?
E       
E       (Background on this error at: https://sqlalche.me/e/20/e3q8)

/usr/local/lib/python3.11/site-packages/psycopg2/__init__.py:122: OperationalError
----------------------------- Captured stderr call -----------------------------
2026-09-02 08:53:19,317 | INFO | Request started | request_id=c7ebe0cb-ca1b-4c23-b0e2-c8a418fb309f | method=POST | path=/transactions/
------------------------------ Captured log call -------------------------------
INFO     pulsepay:request_middleware.py:28 Request started | request_id=c7ebe0cb-ca1b-4c23-b0e2-c8a418fb309f | method=POST | path=/transactions/
____________________________ test_metrics_endpoint _____________________________

self = <sqlalchemy.engine.base.Connection object at 0xffffb021f510>
engine = Engine(postgresql://postgres:***@localhost:5432/pulsepay_test)
connection = None, _has_events = None, _allow_revalidate = True
_allow_autobegin = True

    def __init__(
        self,
        engine: Engine,
        connection: Optional[PoolProxiedConnection] = None,
        _has_events: Optional[bool] = None,
        _allow_revalidate: bool = True,
        _allow_autobegin: bool = True,
    ):
        """Construct a new Connection."""
        self.engine = engine
        self.dialect = dialect = engine.dialect
    
        if connection is None:
            try:
>               self._dbapi_connection = engine.raw_connection()
                                         ^^^^^^^^^^^^^^^^^^^^^^^

/usr/local/lib/python3.11/site-packages/sqlalchemy/engine/base.py:143: 
_ _ _ _ _ _ _ _ _ _ _ _ _ _ _ _ _ _ _ _ _ _ _ _ _ _ _ _ _ _ _ _ _ _ _ _ _ _ _ _ 
/usr/local/lib/python3.11/site-packages/sqlalchemy/engine/base.py:3317: in raw_connection
    return self.pool.connect()
           ^^^^^^^^^^^^^^^^^^^
/usr/local/lib/python3.11/site-packages/sqlalchemy/pool/base.py:448: in connect
    return _ConnectionFairy._checkout(self)
           ^^^^^^^^^^^^^^^^^^^^^^^^^^^^^^^^
/usr/local/lib/python3.11/site-packages/sqlalchemy/pool/base.py:1272: in _checkout
    fairy = _ConnectionRecord.checkout(pool)
            ^^^^^^^^^^^^^^^^^^^^^^^^^^^^^^^^
/usr/local/lib/python3.11/site-packages/sqlalchemy/pool/base.py:712: in checkout
    rec = pool._do_get()
          ^^^^^^^^^^^^^^
/usr/local/lib/python3.11/site-packages/sqlalchemy/pool/impl.py:177: in _do_get
    with util.safe_reraise():
/usr/local/lib/python3.11/site-packages/sqlalchemy/util/langhelpers.py:121: in __exit__
    raise exc_value.with_traceback(exc_tb)
/usr/local/lib/python3.11/site-packages/sqlalchemy/pool/impl.py:175: in _do_get
    return self._create_connection()
           ^^^^^^^^^^^^^^^^^^^^^^^^^
/usr/local/lib/python3.11/site-packages/sqlalchemy/pool/base.py:389: in _create_connection
    return _ConnectionRecord(self)
           ^^^^^^^^^^^^^^^^^^^^^^^
/usr/local/lib/python3.11/site-packages/sqlalchemy/pool/base.py:674: in __init__
    self.__connect()
/usr/local/lib/python3.11/site-packages/sqlalchemy/pool/base.py:900: in __connect
    with util.safe_reraise():
/usr/local/lib/python3.11/site-packages/sqlalchemy/util/langhelpers.py:121: in __exit__
    raise exc_value.with_traceback(exc_tb)
/usr/local/lib/python3.11/site-packages/sqlalchemy/pool/base.py:896: in __connect
    self.dbapi_connection = connection = pool._invoke_creator(self)
                                         ^^^^^^^^^^^^^^^^^^^^^^^^^^
/usr/local/lib/python3.11/site-packages/sqlalchemy/engine/create.py:667: in connect
    return dialect.connect(*cargs_tup, **cparams)
           ^^^^^^^^^^^^^^^^^^^^^^^^^^^^^^^^^^^^^^
/usr/local/lib/python3.11/site-packages/sqlalchemy/engine/default.py:630: in connect
    return self.loaded_dbapi.connect(*cargs, **cparams)  # type: ignore[no-any-return]  # NOQA: E501
           ^^^^^^^^^^^^^^^^^^^^^^^^^^^^^^^^^^^^^^^^^^^^
_ _ _ _ _ _ _ _ _ _ _ _ _ _ _ _ _ _ _ _ _ _ _ _ _ _ _ _ _ _ _ _ _ _ _ _ _ _ _ _ 

dsn = 'host=localhost dbname=pulsepay_test user=postgres password=postgres port=5432'
connection_factory = None, cursor_factory = None
kwargs = {'dbname': 'pulsepay_test', 'host': 'localhost', 'password': 'postgres', 'port': 5432, ...}
kwasync = {}

    def connect(dsn=None, connection_factory=None, cursor_factory=None, **kwargs):
        """
        Create a new database connection.
    
        The connection parameters can be specified as a string:
    
            conn = psycopg2.connect("dbname=test user=postgres password=secret")
    
        or using a set of keyword arguments:
    
            conn = psycopg2.connect(database="test", user="postgres", password="secret")
    
        Or as a mix of both. The basic connection parameters are:
    
        - *dbname*: the database name
        - *database*: the database name (only as keyword argument)
        - *user*: user name used to authenticate
        - *password*: password used to authenticate
        - *host*: database host address (defaults to UNIX socket if not provided)
        - *port*: connection port number (defaults to 5432 if not provided)
    
        Using the *connection_factory* parameter a different class or connections
        factory can be specified. It should be a callable object taking a dsn
        argument.
    
        Using the *cursor_factory* parameter, a new default cursor factory will be
        used by cursor().
    
        Using *async*=True an asynchronous connection will be created. *async_* is
        a valid alias (for Python versions where ``async`` is a keyword).
    
        Any other keyword parameter will be passed to the underlying client
        library: the list of supported parameters depends on the library version.
    
        """
        kwasync = {}
        if 'async' in kwargs:
            kwasync['async'] = kwargs.pop('async')
        if 'async_' in kwargs:
            kwasync['async_'] = kwargs.pop('async_')
    
        dsn = _ext.make_dsn(dsn, **kwargs)
>       conn = _connect(dsn, connection_factory=connection_factory, **kwasync)
               ^^^^^^^^^^^^^^^^^^^^^^^^^^^^^^^^^^^^^^^^^^^^^^^^^^^^^^^^^^^^^^^
E       psycopg2.OperationalError: connection to server at "localhost" (::1), port 5432 failed: Connection refused
E       	Is the server running on that host and accepting TCP/IP connections?
E       connection to server at "localhost" (127.0.0.1), port 5432 failed: Connection refused
E       	Is the server running on that host and accepting TCP/IP connections?

/usr/local/lib/python3.11/site-packages/psycopg2/__init__.py:122: OperationalError

The above exception was the direct cause of the following exception:

    def test_metrics_endpoint():
    
>       response = client.get("/metrics/")
                   ^^^^^^^^^^^^^^^^^^^^^^^

tests/test_metrics.py:6: 
_ _ _ _ _ _ _ _ _ _ _ _ _ _ _ _ _ _ _ _ _ _ _ _ _ _ _ _ _ _ _ _ _ _ _ _ _ _ _ _ 
/usr/local/lib/python3.11/site-packages/starlette/testclient.py:479: in get
    return super().get(
/usr/local/lib/python3.11/site-packages/httpx/_client.py:1053: in get
    return self.request(
/usr/local/lib/python3.11/site-packages/starlette/testclient.py:451: in request
    return super().request(
/usr/local/lib/python3.11/site-packages/httpx/_client.py:825: in request
    return self.send(request, auth=auth, follow_redirects=follow_redirects)
           ^^^^^^^^^^^^^^^^^^^^^^^^^^^^^^^^^^^^^^^^^^^^^^^^^^^^^^^^^^^^^^^^
/usr/local/lib/python3.11/site-packages/httpx/_client.py:914: in send
    response = self._send_handling_auth(
/usr/local/lib/python3.11/site-packages/httpx/_client.py:942: in _send_handling_auth
    response = self._send_handling_redirects(
/usr/local/lib/python3.11/site-packages/httpx/_client.py:979: in _send_handling_redirects
    response = self._send_single_request(request)
               ^^^^^^^^^^^^^^^^^^^^^^^^^^^^^^^^^^
/usr/local/lib/python3.11/site-packages/httpx/_client.py:1014: in _send_single_request
    response = transport.handle_request(request)
               ^^^^^^^^^^^^^^^^^^^^^^^^^^^^^^^^^
/usr/local/lib/python3.11/site-packages/starlette/testclient.py:354: in handle_request
    raise exc
/usr/local/lib/python3.11/site-packages/starlette/testclient.py:351: in handle_request
    portal.call(self.app, scope, receive, send)
/usr/local/lib/python3.11/site-packages/anyio/from_thread.py:334: in call
    return cast(T_Retval, self.start_task_soon(func, *args).result())
                          ^^^^^^^^^^^^^^^^^^^^^^^^^^^^^^^^^^^^^^^^^^
/usr/local/lib/python3.11/concurrent/futures/_base.py:456: in result
    return self.__get_result()
           ^^^^^^^^^^^^^^^^^^^
/usr/local/lib/python3.11/concurrent/futures/_base.py:401: in __get_result
    raise self._exception
/usr/local/lib/python3.11/site-packages/anyio/from_thread.py:259: in _call_func
    retval = await retval_or_awaitable
             ^^^^^^^^^^^^^^^^^^^^^^^^^
/usr/local/lib/python3.11/site-packages/fastapi/applications.py:1138: in __call__
    await super().__call__(scope, receive, send)
/usr/local/lib/python3.11/site-packages/starlette/applications.py:113: in __call__
    await self.middleware_stack(scope, receive, send)
/usr/local/lib/python3.11/site-packages/starlette/middleware/errors.py:186: in __call__
    raise exc
/usr/local/lib/python3.11/site-packages/starlette/middleware/errors.py:164: in __call__
    await self.app(scope, receive, _send)
/usr/local/lib/python3.11/site-packages/starlette/middleware/base.py:191: in __call__
    with recv_stream, send_stream, collapse_excgroups():
/usr/local/lib/python3.11/contextlib.py:158: in __exit__
    self.gen.throw(typ, value, traceback)
/usr/local/lib/python3.11/site-packages/starlette/_utils.py:85: in collapse_excgroups
    raise exc
/usr/local/lib/python3.11/site-packages/starlette/middleware/base.py:193: in __call__
    response = await self.dispatch_func(request, call_next)
               ^^^^^^^^^^^^^^^^^^^^^^^^^^^^^^^^^^^^^^^^^^^^
backend/core/request_middleware.py:35: in log_requests
    response = await call_next(request)
               ^^^^^^^^^^^^^^^^^^^^^^^^
/usr/local/lib/python3.11/site-packages/starlette/middleware/base.py:168: in call_next
    raise app_exc from app_exc.__cause__ or app_exc.__context__
/usr/local/lib/python3.11/site-packages/starlette/middleware/base.py:144: in coro
    await self.app(scope, receive_or_disconnect, send_no_error)
/usr/local/lib/python3.11/site-packages/starlette/middleware/exceptions.py:63: in __call__
    await wrap_app_handling_exceptions(self.app, conn)(scope, receive, send)
/usr/local/lib/python3.11/site-packages/starlette/_exception_handler.py:53: in wrapped_app
    raise exc
/usr/local/lib/python3.11/site-packages/starlette/_exception_handler.py:42: in wrapped_app
    await app(scope, receive, sender)
/usr/local/lib/python3.11/site-packages/fastapi/middleware/asyncexitstack.py:18: in __call__
    await self.app(scope, receive, send)
/usr/local/lib/python3.11/site-packages/starlette/routing.py:716: in __call__
    await self.middleware_stack(scope, receive, send)
/usr/local/lib/python3.11/site-packages/starlette/routing.py:736: in app
    await route.handle(scope, receive, send)
/usr/local/lib/python3.11/site-packages/starlette/routing.py:290: in handle
    await self.app(scope, receive, send)
/usr/local/lib/python3.11/site-packages/fastapi/routing.py:121: in app
    await wrap_app_handling_exceptions(app, request)(scope, receive, send)
/usr/local/lib/python3.11/site-packages/starlette/_exception_handler.py:53: in wrapped_app
    raise exc
/usr/local/lib/python3.11/site-packages/starlette/_exception_handler.py:42: in wrapped_app
    await app(scope, receive, sender)
/usr/local/lib/python3.11/site-packages/fastapi/routing.py:107: in app
    response = await f(request)
               ^^^^^^^^^^^^^^^^
/usr/local/lib/python3.11/site-packages/fastapi/routing.py:426: in app
    raw_response = await run_endpoint_function(
/usr/local/lib/python3.11/site-packages/fastapi/routing.py:316: in run_endpoint_function
    return await run_in_threadpool(dependant.call, **values)
           ^^^^^^^^^^^^^^^^^^^^^^^^^^^^^^^^^^^^^^^^^^^^^^^^^
/usr/local/lib/python3.11/site-packages/starlette/concurrency.py:38: in run_in_threadpool
    return await anyio.to_thread.run_sync(func)
           ^^^^^^^^^^^^^^^^^^^^^^^^^^^^^^^^^^^^
/usr/local/lib/python3.11/site-packages/anyio/to_thread.py:63: in run_sync
    return await get_async_backend().run_sync_in_worker_thread(
/usr/local/lib/python3.11/site-packages/anyio/_backends/_asyncio.py:2502: in run_sync_in_worker_thread
    return await future
           ^^^^^^^^^^^^
/usr/local/lib/python3.11/site-packages/anyio/_backends/_asyncio.py:986: in run
    result = context.run(func, *args)
             ^^^^^^^^^^^^^^^^^^^^^^^^
backend/api/metrics_routes.py:47: in get_metrics
    return MetricsService.get_metrics(db)
           ^^^^^^^^^^^^^^^^^^^^^^^^^^^^^^
backend/services/metrics_service.py:54: in get_metrics
    .all()
     ^^^^^
/usr/local/lib/python3.11/site-packages/sqlalchemy/orm/query.py:2711: in all
    return self._iter().all()  # type: ignore
           ^^^^^^^^^^^^
/usr/local/lib/python3.11/site-packages/sqlalchemy/orm/query.py:2864: in _iter
    result: Union[ScalarResult[_T], Result[_T]] = self.session.execute(
/usr/local/lib/python3.11/site-packages/sqlalchemy/orm/session.py:2351: in execute
    return self._execute_internal(
/usr/local/lib/python3.11/site-packages/sqlalchemy/orm/session.py:2239: in _execute_internal
    conn = self._connection_for_bind(bind)
           ^^^^^^^^^^^^^^^^^^^^^^^^^^^^^^^
/usr/local/lib/python3.11/site-packages/sqlalchemy/orm/session.py:2108: in _connection_for_bind
    return trans._connection_for_bind(engine, execution_options)
           ^^^^^^^^^^^^^^^^^^^^^^^^^^^^^^^^^^^^^^^^^^^^^^^^^^^^^
<string>:2: in _connection_for_bind
    ???
/usr/local/lib/python3.11/site-packages/sqlalchemy/orm/state_changes.py:137: in _go
    ret_value = fn(self, *arg, **kw)
                ^^^^^^^^^^^^^^^^^^^^
/usr/local/lib/python3.11/site-packages/sqlalchemy/orm/session.py:1187: in _connection_for_bind
    conn = bind.connect()
           ^^^^^^^^^^^^^^
/usr/local/lib/python3.11/site-packages/sqlalchemy/engine/base.py:3293: in connect
    return self._connection_cls(self)
           ^^^^^^^^^^^^^^^^^^^^^^^^^^
/usr/local/lib/python3.11/site-packages/sqlalchemy/engine/base.py:145: in __init__
    Connection._handle_dbapi_exception_noconnection(
/usr/local/lib/python3.11/site-packages/sqlalchemy/engine/base.py:2448: in _handle_dbapi_exception_noconnection
    raise sqlalchemy_exception.with_traceback(exc_info[2]) from e
/usr/local/lib/python3.11/site-packages/sqlalchemy/engine/base.py:143: in __init__
    self._dbapi_connection = engine.raw_connection()
                             ^^^^^^^^^^^^^^^^^^^^^^^
/usr/local/lib/python3.11/site-packages/sqlalchemy/engine/base.py:3317: in raw_connection
    return self.pool.connect()
           ^^^^^^^^^^^^^^^^^^^
/usr/local/lib/python3.11/site-packages/sqlalchemy/pool/base.py:448: in connect
    return _ConnectionFairy._checkout(self)
           ^^^^^^^^^^^^^^^^^^^^^^^^^^^^^^^^
/usr/local/lib/python3.11/site-packages/sqlalchemy/pool/base.py:1272: in _checkout
    fairy = _ConnectionRecord.checkout(pool)
            ^^^^^^^^^^^^^^^^^^^^^^^^^^^^^^^^
/usr/local/lib/python3.11/site-packages/sqlalchemy/pool/base.py:712: in checkout
    rec = pool._do_get()
          ^^^^^^^^^^^^^^
/usr/local/lib/python3.11/site-packages/sqlalchemy/pool/impl.py:177: in _do_get
    with util.safe_reraise():
/usr/local/lib/python3.11/site-packages/sqlalchemy/util/langhelpers.py:121: in __exit__
    raise exc_value.with_traceback(exc_tb)
/usr/local/lib/python3.11/site-packages/sqlalchemy/pool/impl.py:175: in _do_get
    return self._create_connection()
           ^^^^^^^^^^^^^^^^^^^^^^^^^
/usr/local/lib/python3.11/site-packages/sqlalchemy/pool/base.py:389: in _create_connection
    return _ConnectionRecord(self)
           ^^^^^^^^^^^^^^^^^^^^^^^
/usr/local/lib/python3.11/site-packages/sqlalchemy/pool/base.py:674: in __init__
    self.__connect()
/usr/local/lib/python3.11/site-packages/sqlalchemy/pool/base.py:900: in __connect
    with util.safe_reraise():
/usr/local/lib/python3.11/site-packages/sqlalchemy/util/langhelpers.py:121: in __exit__
    raise exc_value.with_traceback(exc_tb)
/usr/local/lib/python3.11/site-packages/sqlalchemy/pool/base.py:896: in __connect
    self.dbapi_connection = connection = pool._invoke_creator(self)
                                         ^^^^^^^^^^^^^^^^^^^^^^^^^^
/usr/local/lib/python3.11/site-packages/sqlalchemy/engine/create.py:667: in connect
    return dialect.connect(*cargs_tup, **cparams)
           ^^^^^^^^^^^^^^^^^^^^^^^^^^^^^^^^^^^^^^
/usr/local/lib/python3.11/site-packages/sqlalchemy/engine/default.py:630: in connect
    return self.loaded_dbapi.connect(*cargs, **cparams)  # type: ignore[no-any-return]  # NOQA: E501
           ^^^^^^^^^^^^^^^^^^^^^^^^^^^^^^^^^^^^^^^^^^^^
_ _ _ _ _ _ _ _ _ _ _ _ _ _ _ _ _ _ _ _ _ _ _ _ _ _ _ _ _ _ _ _ _ _ _ _ _ _ _ _ 

dsn = 'host=localhost dbname=pulsepay_test user=postgres password=postgres port=5432'
connection_factory = None, cursor_factory = None
kwargs = {'dbname': 'pulsepay_test', 'host': 'localhost', 'password': 'postgres', 'port': 5432, ...}
kwasync = {}

    def connect(dsn=None, connection_factory=None, cursor_factory=None, **kwargs):
        """
        Create a new database connection.
    
        The connection parameters can be specified as a string:
    
            conn = psycopg2.connect("dbname=test user=postgres password=secret")
    
        or using a set of keyword arguments:
    
            conn = psycopg2.connect(database="test", user="postgres", password="secret")
    
        Or as a mix of both. The basic connection parameters are:
    
        - *dbname*: the database name
        - *database*: the database name (only as keyword argument)
        - *user*: user name used to authenticate
        - *password*: password used to authenticate
        - *host*: database host address (defaults to UNIX socket if not provided)
        - *port*: connection port number (defaults to 5432 if not provided)
    
        Using the *connection_factory* parameter a different class or connections
        factory can be specified. It should be a callable object taking a dsn
        argument.
    
        Using the *cursor_factory* parameter, a new default cursor factory will be
        used by cursor().
    
        Using *async*=True an asynchronous connection will be created. *async_* is
        a valid alias (for Python versions where ``async`` is a keyword).
    
        Any other keyword parameter will be passed to the underlying client
        library: the list of supported parameters depends on the library version.
    
        """
        kwasync = {}
        if 'async' in kwargs:
            kwasync['async'] = kwargs.pop('async')
        if 'async_' in kwargs:
            kwasync['async_'] = kwargs.pop('async_')
    
        dsn = _ext.make_dsn(dsn, **kwargs)
>       conn = _connect(dsn, connection_factory=connection_factory, **kwasync)
               ^^^^^^^^^^^^^^^^^^^^^^^^^^^^^^^^^^^^^^^^^^^^^^^^^^^^^^^^^^^^^^^
E       sqlalchemy.exc.OperationalError: (psycopg2.OperationalError) connection to server at "localhost" (::1), port 5432 failed: Connection refused
E       	Is the server running on that host and accepting TCP/IP connections?
E       connection to server at "localhost" (127.0.0.1), port 5432 failed: Connection refused
E       	Is the server running on that host and accepting TCP/IP connections?
E       
E       (Background on this error at: https://sqlalche.me/e/20/e3q8)

/usr/local/lib/python3.11/site-packages/psycopg2/__init__.py:122: OperationalError
----------------------------- Captured stderr call -----------------------------
2026-09-02 08:53:19,894 | INFO | Request started | request_id=6e2a6ec7-683b-4d44-8955-605c8d56ea59 | method=GET | path=/metrics/
------------------------------ Captured log call -------------------------------
INFO     pulsepay:request_middleware.py:28 Request started | request_id=6e2a6ec7-683b-4d44-8955-605c8d56ea59 | method=GET | path=/metrics/
_________________________ test_payment_worker_executes _________________________

self = <sqlalchemy.engine.base.Connection object at 0xffffb01ae290>
engine = Engine(postgresql://postgres:***@localhost:5432/pulsepay_test)
connection = None, _has_events = None, _allow_revalidate = True
_allow_autobegin = True

    def __init__(
        self,
        engine: Engine,
        connection: Optional[PoolProxiedConnection] = None,
        _has_events: Optional[bool] = None,
        _allow_revalidate: bool = True,
        _allow_autobegin: bool = True,
    ):
        """Construct a new Connection."""
        self.engine = engine
        self.dialect = dialect = engine.dialect
    
        if connection is None:
            try:
>               self._dbapi_connection = engine.raw_connection()
                                         ^^^^^^^^^^^^^^^^^^^^^^^

/usr/local/lib/python3.11/site-packages/sqlalchemy/engine/base.py:143: 
_ _ _ _ _ _ _ _ _ _ _ _ _ _ _ _ _ _ _ _ _ _ _ _ _ _ _ _ _ _ _ _ _ _ _ _ _ _ _ _ 
/usr/local/lib/python3.11/site-packages/sqlalchemy/engine/base.py:3317: in raw_connection
    return self.pool.connect()
           ^^^^^^^^^^^^^^^^^^^
/usr/local/lib/python3.11/site-packages/sqlalchemy/pool/base.py:448: in connect
    return _ConnectionFairy._checkout(self)
           ^^^^^^^^^^^^^^^^^^^^^^^^^^^^^^^^
/usr/local/lib/python3.11/site-packages/sqlalchemy/pool/base.py:1272: in _checkout
    fairy = _ConnectionRecord.checkout(pool)
            ^^^^^^^^^^^^^^^^^^^^^^^^^^^^^^^^
/usr/local/lib/python3.11/site-packages/sqlalchemy/pool/base.py:712: in checkout
    rec = pool._do_get()
          ^^^^^^^^^^^^^^
/usr/local/lib/python3.11/site-packages/sqlalchemy/pool/impl.py:177: in _do_get
    with util.safe_reraise():
/usr/local/lib/python3.11/site-packages/sqlalchemy/util/langhelpers.py:121: in __exit__
    raise exc_value.with_traceback(exc_tb)
/usr/local/lib/python3.11/site-packages/sqlalchemy/pool/impl.py:175: in _do_get
    return self._create_connection()
           ^^^^^^^^^^^^^^^^^^^^^^^^^
/usr/local/lib/python3.11/site-packages/sqlalchemy/pool/base.py:389: in _create_connection
    return _ConnectionRecord(self)
           ^^^^^^^^^^^^^^^^^^^^^^^
/usr/local/lib/python3.11/site-packages/sqlalchemy/pool/base.py:674: in __init__
    self.__connect()
/usr/local/lib/python3.11/site-packages/sqlalchemy/pool/base.py:900: in __connect
    with util.safe_reraise():
/usr/local/lib/python3.11/site-packages/sqlalchemy/util/langhelpers.py:121: in __exit__
    raise exc_value.with_traceback(exc_tb)
/usr/local/lib/python3.11/site-packages/sqlalchemy/pool/base.py:896: in __connect
    self.dbapi_connection = connection = pool._invoke_creator(self)
                                         ^^^^^^^^^^^^^^^^^^^^^^^^^^
/usr/local/lib/python3.11/site-packages/sqlalchemy/engine/create.py:667: in connect
    return dialect.connect(*cargs_tup, **cparams)
           ^^^^^^^^^^^^^^^^^^^^^^^^^^^^^^^^^^^^^^
/usr/local/lib/python3.11/site-packages/sqlalchemy/engine/default.py:630: in connect
    return self.loaded_dbapi.connect(*cargs, **cparams)  # type: ignore[no-any-return]  # NOQA: E501
           ^^^^^^^^^^^^^^^^^^^^^^^^^^^^^^^^^^^^^^^^^^^^
_ _ _ _ _ _ _ _ _ _ _ _ _ _ _ _ _ _ _ _ _ _ _ _ _ _ _ _ _ _ _ _ _ _ _ _ _ _ _ _ 

dsn = 'host=localhost dbname=pulsepay_test user=postgres password=postgres port=5432'
connection_factory = None, cursor_factory = None
kwargs = {'dbname': 'pulsepay_test', 'host': 'localhost', 'password': 'postgres', 'port': 5432, ...}
kwasync = {}

    def connect(dsn=None, connection_factory=None, cursor_factory=None, **kwargs):
        """
        Create a new database connection.
    
        The connection parameters can be specified as a string:
    
            conn = psycopg2.connect("dbname=test user=postgres password=secret")
    
        or using a set of keyword arguments:
    
            conn = psycopg2.connect(database="test", user="postgres", password="secret")
    
        Or as a mix of both. The basic connection parameters are:
    
        - *dbname*: the database name
        - *database*: the database name (only as keyword argument)
        - *user*: user name used to authenticate
        - *password*: password used to authenticate
        - *host*: database host address (defaults to UNIX socket if not provided)
        - *port*: connection port number (defaults to 5432 if not provided)
    
        Using the *connection_factory* parameter a different class or connections
        factory can be specified. It should be a callable object taking a dsn
        argument.
    
        Using the *cursor_factory* parameter, a new default cursor factory will be
        used by cursor().
    
        Using *async*=True an asynchronous connection will be created. *async_* is
        a valid alias (for Python versions where ``async`` is a keyword).
    
        Any other keyword parameter will be passed to the underlying client
        library: the list of supported parameters depends on the library version.
    
        """
        kwasync = {}
        if 'async' in kwargs:
            kwasync['async'] = kwargs.pop('async')
        if 'async_' in kwargs:
            kwasync['async_'] = kwargs.pop('async_')
    
        dsn = _ext.make_dsn(dsn, **kwargs)
>       conn = _connect(dsn, connection_factory=connection_factory, **kwasync)
               ^^^^^^^^^^^^^^^^^^^^^^^^^^^^^^^^^^^^^^^^^^^^^^^^^^^^^^^^^^^^^^^
E       psycopg2.OperationalError: connection to server at "localhost" (::1), port 5432 failed: Connection refused
E       	Is the server running on that host and accepting TCP/IP connections?
E       connection to server at "localhost" (127.0.0.1), port 5432 failed: Connection refused
E       	Is the server running on that host and accepting TCP/IP connections?

/usr/local/lib/python3.11/site-packages/psycopg2/__init__.py:122: OperationalError

The above exception was the direct cause of the following exception:

    def test_payment_worker_executes():
    
>       result = process_payment_task.run(
            "test-transaction-id"
        )

tests/test_payment_worker.py:9: 
_ _ _ _ _ _ _ _ _ _ _ _ _ _ _ _ _ _ _ _ _ _ _ _ _ _ _ _ _ _ _ _ _ _ _ _ _ _ _ _ 
backend/tasks/payment_tasks.py:69: in process_payment_task
    .first()
     ^^^^^^^
/usr/local/lib/python3.11/site-packages/sqlalchemy/orm/query.py:2766: in first
    return self.limit(1)._iter().first()  # type: ignore
           ^^^^^^^^^^^^^^^^^^^^^
/usr/local/lib/python3.11/site-packages/sqlalchemy/orm/query.py:2864: in _iter
    result: Union[ScalarResult[_T], Result[_T]] = self.session.execute(
/usr/local/lib/python3.11/site-packages/sqlalchemy/orm/session.py:2351: in execute
    return self._execute_internal(
/usr/local/lib/python3.11/site-packages/sqlalchemy/orm/session.py:2239: in _execute_internal
    conn = self._connection_for_bind(bind)
           ^^^^^^^^^^^^^^^^^^^^^^^^^^^^^^^
/usr/local/lib/python3.11/site-packages/sqlalchemy/orm/session.py:2108: in _connection_for_bind
    return trans._connection_for_bind(engine, execution_options)
           ^^^^^^^^^^^^^^^^^^^^^^^^^^^^^^^^^^^^^^^^^^^^^^^^^^^^^
<string>:2: in _connection_for_bind
    ???
/usr/local/lib/python3.11/site-packages/sqlalchemy/orm/state_changes.py:137: in _go
    ret_value = fn(self, *arg, **kw)
                ^^^^^^^^^^^^^^^^^^^^
/usr/local/lib/python3.11/site-packages/sqlalchemy/orm/session.py:1187: in _connection_for_bind
    conn = bind.connect()
           ^^^^^^^^^^^^^^
/usr/local/lib/python3.11/site-packages/sqlalchemy/engine/base.py:3293: in connect
    return self._connection_cls(self)
           ^^^^^^^^^^^^^^^^^^^^^^^^^^
/usr/local/lib/python3.11/site-packages/sqlalchemy/engine/base.py:145: in __init__
    Connection._handle_dbapi_exception_noconnection(
/usr/local/lib/python3.11/site-packages/sqlalchemy/engine/base.py:2448: in _handle_dbapi_exception_noconnection
    raise sqlalchemy_exception.with_traceback(exc_info[2]) from e
/usr/local/lib/python3.11/site-packages/sqlalchemy/engine/base.py:143: in __init__
    self._dbapi_connection = engine.raw_connection()
                             ^^^^^^^^^^^^^^^^^^^^^^^
/usr/local/lib/python3.11/site-packages/sqlalchemy/engine/base.py:3317: in raw_connection
    return self.pool.connect()
           ^^^^^^^^^^^^^^^^^^^
/usr/local/lib/python3.11/site-packages/sqlalchemy/pool/base.py:448: in connect
    return _ConnectionFairy._checkout(self)
           ^^^^^^^^^^^^^^^^^^^^^^^^^^^^^^^^
/usr/local/lib/python3.11/site-packages/sqlalchemy/pool/base.py:1272: in _checkout
    fairy = _ConnectionRecord.checkout(pool)
            ^^^^^^^^^^^^^^^^^^^^^^^^^^^^^^^^
/usr/local/lib/python3.11/site-packages/sqlalchemy/pool/base.py:712: in checkout
    rec = pool._do_get()
          ^^^^^^^^^^^^^^
/usr/local/lib/python3.11/site-packages/sqlalchemy/pool/impl.py:177: in _do_get
    with util.safe_reraise():
/usr/local/lib/python3.11/site-packages/sqlalchemy/util/langhelpers.py:121: in __exit__
    raise exc_value.with_traceback(exc_tb)
/usr/local/lib/python3.11/site-packages/sqlalchemy/pool/impl.py:175: in _do_get
    return self._create_connection()
           ^^^^^^^^^^^^^^^^^^^^^^^^^
/usr/local/lib/python3.11/site-packages/sqlalchemy/pool/base.py:389: in _create_connection
    return _ConnectionRecord(self)
           ^^^^^^^^^^^^^^^^^^^^^^^
/usr/local/lib/python3.11/site-packages/sqlalchemy/pool/base.py:674: in __init__
    self.__connect()
/usr/local/lib/python3.11/site-packages/sqlalchemy/pool/base.py:900: in __connect
    with util.safe_reraise():
/usr/local/lib/python3.11/site-packages/sqlalchemy/util/langhelpers.py:121: in __exit__
    raise exc_value.with_traceback(exc_tb)
/usr/local/lib/python3.11/site-packages/sqlalchemy/pool/base.py:896: in __connect
    self.dbapi_connection = connection = pool._invoke_creator(self)
                                         ^^^^^^^^^^^^^^^^^^^^^^^^^^
/usr/local/lib/python3.11/site-packages/sqlalchemy/engine/create.py:667: in connect
    return dialect.connect(*cargs_tup, **cparams)
           ^^^^^^^^^^^^^^^^^^^^^^^^^^^^^^^^^^^^^^
/usr/local/lib/python3.11/site-packages/sqlalchemy/engine/default.py:630: in connect
    return self.loaded_dbapi.connect(*cargs, **cparams)  # type: ignore[no-any-return]  # NOQA: E501
           ^^^^^^^^^^^^^^^^^^^^^^^^^^^^^^^^^^^^^^^^^^^^
_ _ _ _ _ _ _ _ _ _ _ _ _ _ _ _ _ _ _ _ _ _ _ _ _ _ _ _ _ _ _ _ _ _ _ _ _ _ _ _ 

dsn = 'host=localhost dbname=pulsepay_test user=postgres password=postgres port=5432'
connection_factory = None, cursor_factory = None
kwargs = {'dbname': 'pulsepay_test', 'host': 'localhost', 'password': 'postgres', 'port': 5432, ...}
kwasync = {}

    def connect(dsn=None, connection_factory=None, cursor_factory=None, **kwargs):
        """
        Create a new database connection.
    
        The connection parameters can be specified as a string:
    
            conn = psycopg2.connect("dbname=test user=postgres password=secret")
    
        or using a set of keyword arguments:
    
            conn = psycopg2.connect(database="test", user="postgres", password="secret")
    
        Or as a mix of both. The basic connection parameters are:
    
        - *dbname*: the database name
        - *database*: the database name (only as keyword argument)
        - *user*: user name used to authenticate
        - *password*: password used to authenticate
        - *host*: database host address (defaults to UNIX socket if not provided)
        - *port*: connection port number (defaults to 5432 if not provided)
    
        Using the *connection_factory* parameter a different class or connections
        factory can be specified. It should be a callable object taking a dsn
        argument.
    
        Using the *cursor_factory* parameter, a new default cursor factory will be
        used by cursor().
    
        Using *async*=True an asynchronous connection will be created. *async_* is
        a valid alias (for Python versions where ``async`` is a keyword).
    
        Any other keyword parameter will be passed to the underlying client
        library: the list of supported parameters depends on the library version.
    
        """
        kwasync = {}
        if 'async' in kwargs:
            kwasync['async'] = kwargs.pop('async')
        if 'async_' in kwargs:
            kwasync['async_'] = kwargs.pop('async_')
    
        dsn = _ext.make_dsn(dsn, **kwargs)
>       conn = _connect(dsn, connection_factory=connection_factory, **kwasync)
               ^^^^^^^^^^^^^^^^^^^^^^^^^^^^^^^^^^^^^^^^^^^^^^^^^^^^^^^^^^^^^^^
E       sqlalchemy.exc.OperationalError: (psycopg2.OperationalError) connection to server at "localhost" (::1), port 5432 failed: Connection refused
E       	Is the server running on that host and accepting TCP/IP connections?
E       connection to server at "localhost" (127.0.0.1), port 5432 failed: Connection refused
E       	Is the server running on that host and accepting TCP/IP connections?
E       
E       (Background on this error at: https://sqlalche.me/e/20/e3q8)

/usr/local/lib/python3.11/site-packages/psycopg2/__init__.py:122: OperationalError
___________________________ test_create_transaction ____________________________

self = <sqlalchemy.engine.base.Connection object at 0xffffab015c10>
engine = Engine(postgresql://postgres:***@localhost:5432/pulsepay_test)
connection = None, _has_events = None, _allow_revalidate = True
_allow_autobegin = True

    def __init__(
        self,
        engine: Engine,
        connection: Optional[PoolProxiedConnection] = None,
        _has_events: Optional[bool] = None,
        _allow_revalidate: bool = True,
        _allow_autobegin: bool = True,
    ):
        """Construct a new Connection."""
        self.engine = engine
        self.dialect = dialect = engine.dialect
    
        if connection is None:
            try:
>               self._dbapi_connection = engine.raw_connection()
                                         ^^^^^^^^^^^^^^^^^^^^^^^

/usr/local/lib/python3.11/site-packages/sqlalchemy/engine/base.py:143: 
_ _ _ _ _ _ _ _ _ _ _ _ _ _ _ _ _ _ _ _ _ _ _ _ _ _ _ _ _ _ _ _ _ _ _ _ _ _ _ _ 
/usr/local/lib/python3.11/site-packages/sqlalchemy/engine/base.py:3317: in raw_connection
    return self.pool.connect()
           ^^^^^^^^^^^^^^^^^^^
/usr/local/lib/python3.11/site-packages/sqlalchemy/pool/base.py:448: in connect
    return _ConnectionFairy._checkout(self)
           ^^^^^^^^^^^^^^^^^^^^^^^^^^^^^^^^
/usr/local/lib/python3.11/site-packages/sqlalchemy/pool/base.py:1272: in _checkout
    fairy = _ConnectionRecord.checkout(pool)
            ^^^^^^^^^^^^^^^^^^^^^^^^^^^^^^^^
/usr/local/lib/python3.11/site-packages/sqlalchemy/pool/base.py:712: in checkout
    rec = pool._do_get()
          ^^^^^^^^^^^^^^
/usr/local/lib/python3.11/site-packages/sqlalchemy/pool/impl.py:177: in _do_get
    with util.safe_reraise():
/usr/local/lib/python3.11/site-packages/sqlalchemy/util/langhelpers.py:121: in __exit__
    raise exc_value.with_traceback(exc_tb)
/usr/local/lib/python3.11/site-packages/sqlalchemy/pool/impl.py:175: in _do_get
    return self._create_connection()
           ^^^^^^^^^^^^^^^^^^^^^^^^^
/usr/local/lib/python3.11/site-packages/sqlalchemy/pool/base.py:389: in _create_connection
    return _ConnectionRecord(self)
           ^^^^^^^^^^^^^^^^^^^^^^^
/usr/local/lib/python3.11/site-packages/sqlalchemy/pool/base.py:674: in __init__
    self.__connect()
/usr/local/lib/python3.11/site-packages/sqlalchemy/pool/base.py:900: in __connect
    with util.safe_reraise():
/usr/local/lib/python3.11/site-packages/sqlalchemy/util/langhelpers.py:121: in __exit__
    raise exc_value.with_traceback(exc_tb)
/usr/local/lib/python3.11/site-packages/sqlalchemy/pool/base.py:896: in __connect
    self.dbapi_connection = connection = pool._invoke_creator(self)
                                         ^^^^^^^^^^^^^^^^^^^^^^^^^^
/usr/local/lib/python3.11/site-packages/sqlalchemy/engine/create.py:667: in connect
    return dialect.connect(*cargs_tup, **cparams)
           ^^^^^^^^^^^^^^^^^^^^^^^^^^^^^^^^^^^^^^
/usr/local/lib/python3.11/site-packages/sqlalchemy/engine/default.py:630: in connect
    return self.loaded_dbapi.connect(*cargs, **cparams)  # type: ignore[no-any-return]  # NOQA: E501
           ^^^^^^^^^^^^^^^^^^^^^^^^^^^^^^^^^^^^^^^^^^^^
_ _ _ _ _ _ _ _ _ _ _ _ _ _ _ _ _ _ _ _ _ _ _ _ _ _ _ _ _ _ _ _ _ _ _ _ _ _ _ _ 

dsn = 'host=localhost dbname=pulsepay_test user=postgres password=postgres port=5432'
connection_factory = None, cursor_factory = None
kwargs = {'dbname': 'pulsepay_test', 'host': 'localhost', 'password': 'postgres', 'port': 5432, ...}
kwasync = {}

    def connect(dsn=None, connection_factory=None, cursor_factory=None, **kwargs):
        """
        Create a new database connection.
    
        The connection parameters can be specified as a string:
    
            conn = psycopg2.connect("dbname=test user=postgres password=secret")
    
        or using a set of keyword arguments:
    
            conn = psycopg2.connect(database="test", user="postgres", password="secret")
    
        Or as a mix of both. The basic connection parameters are:
    
        - *dbname*: the database name
        - *database*: the database name (only as keyword argument)
        - *user*: user name used to authenticate
        - *password*: password used to authenticate
        - *host*: database host address (defaults to UNIX socket if not provided)
        - *port*: connection port number (defaults to 5432 if not provided)
    
        Using the *connection_factory* parameter a different class or connections
        factory can be specified. It should be a callable object taking a dsn
        argument.
    
        Using the *cursor_factory* parameter, a new default cursor factory will be
        used by cursor().
    
        Using *async*=True an asynchronous connection will be created. *async_* is
        a valid alias (for Python versions where ``async`` is a keyword).
    
        Any other keyword parameter will be passed to the underlying client
        library: the list of supported parameters depends on the library version.
    
        """
        kwasync = {}
        if 'async' in kwargs:
            kwasync['async'] = kwargs.pop('async')
        if 'async_' in kwargs:
            kwasync['async_'] = kwargs.pop('async_')
    
        dsn = _ext.make_dsn(dsn, **kwargs)
>       conn = _connect(dsn, connection_factory=connection_factory, **kwasync)
               ^^^^^^^^^^^^^^^^^^^^^^^^^^^^^^^^^^^^^^^^^^^^^^^^^^^^^^^^^^^^^^^
E       psycopg2.OperationalError: connection to server at "localhost" (::1), port 5432 failed: Connection refused
E       	Is the server running on that host and accepting TCP/IP connections?
E       connection to server at "localhost" (127.0.0.1), port 5432 failed: Connection refused
E       	Is the server running on that host and accepting TCP/IP connections?

/usr/local/lib/python3.11/site-packages/psycopg2/__init__.py:122: OperationalError

The above exception was the direct cause of the following exception:

    def test_create_transaction():
    
>       response = client.post(
            "/transactions/",
            headers={
                "idempotency-key":
                "test-transaction-1"
            },
            json={
                "amount": 100,
                "currency": "USD"
            }
        )

tests/test_transactions.py:12: 
_ _ _ _ _ _ _ _ _ _ _ _ _ _ _ _ _ _ _ _ _ _ _ _ _ _ _ _ _ _ _ _ _ _ _ _ _ _ _ _ 
/usr/local/lib/python3.11/site-packages/starlette/testclient.py:552: in post
    return super().post(
/usr/local/lib/python3.11/site-packages/httpx/_client.py:1144: in post
    return self.request(
/usr/local/lib/python3.11/site-packages/starlette/testclient.py:451: in request
    return super().request(
/usr/local/lib/python3.11/site-packages/httpx/_client.py:825: in request
    return self.send(request, auth=auth, follow_redirects=follow_redirects)
           ^^^^^^^^^^^^^^^^^^^^^^^^^^^^^^^^^^^^^^^^^^^^^^^^^^^^^^^^^^^^^^^^
/usr/local/lib/python3.11/site-packages/httpx/_client.py:914: in send
    response = self._send_handling_auth(
/usr/local/lib/python3.11/site-packages/httpx/_client.py:942: in _send_handling_auth
    response = self._send_handling_redirects(
/usr/local/lib/python3.11/site-packages/httpx/_client.py:979: in _send_handling_redirects
    response = self._send_single_request(request)
               ^^^^^^^^^^^^^^^^^^^^^^^^^^^^^^^^^^
/usr/local/lib/python3.11/site-packages/httpx/_client.py:1014: in _send_single_request
    response = transport.handle_request(request)
               ^^^^^^^^^^^^^^^^^^^^^^^^^^^^^^^^^
/usr/local/lib/python3.11/site-packages/starlette/testclient.py:354: in handle_request
    raise exc
/usr/local/lib/python3.11/site-packages/starlette/testclient.py:351: in handle_request
    portal.call(self.app, scope, receive, send)
/usr/local/lib/python3.11/site-packages/anyio/from_thread.py:334: in call
    return cast(T_Retval, self.start_task_soon(func, *args).result())
                          ^^^^^^^^^^^^^^^^^^^^^^^^^^^^^^^^^^^^^^^^^^
/usr/local/lib/python3.11/concurrent/futures/_base.py:456: in result
    return self.__get_result()
           ^^^^^^^^^^^^^^^^^^^
/usr/local/lib/python3.11/concurrent/futures/_base.py:401: in __get_result
    raise self._exception
/usr/local/lib/python3.11/site-packages/anyio/from_thread.py:259: in _call_func
    retval = await retval_or_awaitable
             ^^^^^^^^^^^^^^^^^^^^^^^^^
/usr/local/lib/python3.11/site-packages/fastapi/applications.py:1138: in __call__
    await super().__call__(scope, receive, send)
/usr/local/lib/python3.11/site-packages/starlette/applications.py:113: in __call__
    await self.middleware_stack(scope, receive, send)
/usr/local/lib/python3.11/site-packages/starlette/middleware/errors.py:186: in __call__
    raise exc
/usr/local/lib/python3.11/site-packages/starlette/middleware/errors.py:164: in __call__
    await self.app(scope, receive, _send)
/usr/local/lib/python3.11/site-packages/starlette/middleware/base.py:191: in __call__
    with recv_stream, send_stream, collapse_excgroups():
/usr/local/lib/python3.11/contextlib.py:158: in __exit__
    self.gen.throw(typ, value, traceback)
/usr/local/lib/python3.11/site-packages/starlette/_utils.py:85: in collapse_excgroups
    raise exc
/usr/local/lib/python3.11/site-packages/starlette/middleware/base.py:193: in __call__
    response = await self.dispatch_func(request, call_next)
               ^^^^^^^^^^^^^^^^^^^^^^^^^^^^^^^^^^^^^^^^^^^^
backend/core/request_middleware.py:35: in log_requests
    response = await call_next(request)
               ^^^^^^^^^^^^^^^^^^^^^^^^
/usr/local/lib/python3.11/site-packages/starlette/middleware/base.py:168: in call_next
    raise app_exc from app_exc.__cause__ or app_exc.__context__
/usr/local/lib/python3.11/site-packages/starlette/middleware/base.py:144: in coro
    await self.app(scope, receive_or_disconnect, send_no_error)
/usr/local/lib/python3.11/site-packages/starlette/middleware/exceptions.py:63: in __call__
    await wrap_app_handling_exceptions(self.app, conn)(scope, receive, send)
/usr/local/lib/python3.11/site-packages/starlette/_exception_handler.py:53: in wrapped_app
    raise exc
/usr/local/lib/python3.11/site-packages/starlette/_exception_handler.py:42: in wrapped_app
    await app(scope, receive, sender)
/usr/local/lib/python3.11/site-packages/fastapi/middleware/asyncexitstack.py:18: in __call__
    await self.app(scope, receive, send)
/usr/local/lib/python3.11/site-packages/starlette/routing.py:716: in __call__
    await self.middleware_stack(scope, receive, send)
/usr/local/lib/python3.11/site-packages/starlette/routing.py:736: in app
    await route.handle(scope, receive, send)
/usr/local/lib/python3.11/site-packages/starlette/routing.py:290: in handle
    await self.app(scope, receive, send)
/usr/local/lib/python3.11/site-packages/fastapi/routing.py:121: in app
    await wrap_app_handling_exceptions(app, request)(scope, receive, send)
/usr/local/lib/python3.11/site-packages/starlette/_exception_handler.py:53: in wrapped_app
    raise exc
/usr/local/lib/python3.11/site-packages/starlette/_exception_handler.py:42: in wrapped_app
    await app(scope, receive, sender)
/usr/local/lib/python3.11/site-packages/fastapi/routing.py:107: in app
    response = await f(request)
               ^^^^^^^^^^^^^^^^
/usr/local/lib/python3.11/site-packages/fastapi/routing.py:426: in app
    raw_response = await run_endpoint_function(
/usr/local/lib/python3.11/site-packages/fastapi/routing.py:316: in run_endpoint_function
    return await run_in_threadpool(dependant.call, **values)
           ^^^^^^^^^^^^^^^^^^^^^^^^^^^^^^^^^^^^^^^^^^^^^^^^^
/usr/local/lib/python3.11/site-packages/starlette/concurrency.py:38: in run_in_threadpool
    return await anyio.to_thread.run_sync(func)
           ^^^^^^^^^^^^^^^^^^^^^^^^^^^^^^^^^^^^
/usr/local/lib/python3.11/site-packages/anyio/to_thread.py:63: in run_sync
    return await get_async_backend().run_sync_in_worker_thread(
/usr/local/lib/python3.11/site-packages/anyio/_backends/_asyncio.py:2502: in run_sync_in_worker_thread
    return await future
           ^^^^^^^^^^^^
/usr/local/lib/python3.11/site-packages/anyio/_backends/_asyncio.py:986: in run
    result = context.run(func, *args)
             ^^^^^^^^^^^^^^^^^^^^^^^^
backend/api/transaction_routes.py:50: in create_transaction
    TransactionService.create_transaction(
backend/services/transaction_service.py:48: in create_transaction
    IdempotencyService.validate_idempotency(
backend/services/idempotency_service.py:41: in validate_idempotency
    IdempotencyRepository.get_by_key(
backend/repositories/idempotency_repository.py:32: in get_by_key
    .first()
     ^^^^^^^
/usr/local/lib/python3.11/site-packages/sqlalchemy/orm/query.py:2766: in first
    return self.limit(1)._iter().first()  # type: ignore
           ^^^^^^^^^^^^^^^^^^^^^
/usr/local/lib/python3.11/site-packages/sqlalchemy/orm/query.py:2864: in _iter
    result: Union[ScalarResult[_T], Result[_T]] = self.session.execute(
/usr/local/lib/python3.11/site-packages/sqlalchemy/orm/session.py:2351: in execute
    return self._execute_internal(
/usr/local/lib/python3.11/site-packages/sqlalchemy/orm/session.py:2239: in _execute_internal
    conn = self._connection_for_bind(bind)
           ^^^^^^^^^^^^^^^^^^^^^^^^^^^^^^^
/usr/local/lib/python3.11/site-packages/sqlalchemy/orm/session.py:2108: in _connection_for_bind
    return trans._connection_for_bind(engine, execution_options)
           ^^^^^^^^^^^^^^^^^^^^^^^^^^^^^^^^^^^^^^^^^^^^^^^^^^^^^
<string>:2: in _connection_for_bind
    ???
/usr/local/lib/python3.11/site-packages/sqlalchemy/orm/state_changes.py:137: in _go
    ret_value = fn(self, *arg, **kw)
                ^^^^^^^^^^^^^^^^^^^^
/usr/local/lib/python3.11/site-packages/sqlalchemy/orm/session.py:1187: in _connection_for_bind
    conn = bind.connect()
           ^^^^^^^^^^^^^^
/usr/local/lib/python3.11/site-packages/sqlalchemy/engine/base.py:3293: in connect
    return self._connection_cls(self)
           ^^^^^^^^^^^^^^^^^^^^^^^^^^
/usr/local/lib/python3.11/site-packages/sqlalchemy/engine/base.py:145: in __init__
    Connection._handle_dbapi_exception_noconnection(
/usr/local/lib/python3.11/site-packages/sqlalchemy/engine/base.py:2448: in _handle_dbapi_exception_noconnection
    raise sqlalchemy_exception.with_traceback(exc_info[2]) from e
/usr/local/lib/python3.11/site-packages/sqlalchemy/engine/base.py:143: in __init__
    self._dbapi_connection = engine.raw_connection()
                             ^^^^^^^^^^^^^^^^^^^^^^^
/usr/local/lib/python3.11/site-packages/sqlalchemy/engine/base.py:3317: in raw_connection
    return self.pool.connect()
           ^^^^^^^^^^^^^^^^^^^
/usr/local/lib/python3.11/site-packages/sqlalchemy/pool/base.py:448: in connect
    return _ConnectionFairy._checkout(self)
           ^^^^^^^^^^^^^^^^^^^^^^^^^^^^^^^^
/usr/local/lib/python3.11/site-packages/sqlalchemy/pool/base.py:1272: in _checkout
    fairy = _ConnectionRecord.checkout(pool)
            ^^^^^^^^^^^^^^^^^^^^^^^^^^^^^^^^
/usr/local/lib/python3.11/site-packages/sqlalchemy/pool/base.py:712: in checkout
    rec = pool._do_get()
          ^^^^^^^^^^^^^^
/usr/local/lib/python3.11/site-packages/sqlalchemy/pool/impl.py:177: in _do_get
    with util.safe_reraise():
/usr/local/lib/python3.11/site-packages/sqlalchemy/util/langhelpers.py:121: in __exit__
    raise exc_value.with_traceback(exc_tb)
/usr/local/lib/python3.11/site-packages/sqlalchemy/pool/impl.py:175: in _do_get
    return self._create_connection()
           ^^^^^^^^^^^^^^^^^^^^^^^^^
/usr/local/lib/python3.11/site-packages/sqlalchemy/pool/base.py:389: in _create_connection
    return _ConnectionRecord(self)
           ^^^^^^^^^^^^^^^^^^^^^^^
/usr/local/lib/python3.11/site-packages/sqlalchemy/pool/base.py:674: in __init__
    self.__connect()
/usr/local/lib/python3.11/site-packages/sqlalchemy/pool/base.py:900: in __connect
    with util.safe_reraise():
/usr/local/lib/python3.11/site-packages/sqlalchemy/util/langhelpers.py:121: in __exit__
    raise exc_value.with_traceback(exc_tb)
/usr/local/lib/python3.11/site-packages/sqlalchemy/pool/base.py:896: in __connect
    self.dbapi_connection = connection = pool._invoke_creator(self)
                                         ^^^^^^^^^^^^^^^^^^^^^^^^^^
/usr/local/lib/python3.11/site-packages/sqlalchemy/engine/create.py:667: in connect
    return dialect.connect(*cargs_tup, **cparams)
           ^^^^^^^^^^^^^^^^^^^^^^^^^^^^^^^^^^^^^^
/usr/local/lib/python3.11/site-packages/sqlalchemy/engine/default.py:630: in connect
    return self.loaded_dbapi.connect(*cargs, **cparams)  # type: ignore[no-any-return]  # NOQA: E501
           ^^^^^^^^^^^^^^^^^^^^^^^^^^^^^^^^^^^^^^^^^^^^
_ _ _ _ _ _ _ _ _ _ _ _ _ _ _ _ _ _ _ _ _ _ _ _ _ _ _ _ _ _ _ _ _ _ _ _ _ _ _ _ 

dsn = 'host=localhost dbname=pulsepay_test user=postgres password=postgres port=5432'
connection_factory = None, cursor_factory = None
kwargs = {'dbname': 'pulsepay_test', 'host': 'localhost', 'password': 'postgres', 'port': 5432, ...}
kwasync = {}

    def connect(dsn=None, connection_factory=None, cursor_factory=None, **kwargs):
        """
        Create a new database connection.
    
        The connection parameters can be specified as a string:
    
            conn = psycopg2.connect("dbname=test user=postgres password=secret")
    
        or using a set of keyword arguments:
    
            conn = psycopg2.connect(database="test", user="postgres", password="secret")
    
        Or as a mix of both. The basic connection parameters are:
    
        - *dbname*: the database name
        - *database*: the database name (only as keyword argument)
        - *user*: user name used to authenticate
        - *password*: password used to authenticate
        - *host*: database host address (defaults to UNIX socket if not provided)
        - *port*: connection port number (defaults to 5432 if not provided)
    
        Using the *connection_factory* parameter a different class or connections
        factory can be specified. It should be a callable object taking a dsn
        argument.
    
        Using the *cursor_factory* parameter, a new default cursor factory will be
        used by cursor().
    
        Using *async*=True an asynchronous connection will be created. *async_* is
        a valid alias (for Python versions where ``async`` is a keyword).
    
        Any other keyword parameter will be passed to the underlying client
        library: the list of supported parameters depends on the library version.
    
        """
        kwasync = {}
        if 'async' in kwargs:
            kwasync['async'] = kwargs.pop('async')
        if 'async_' in kwargs:
            kwasync['async_'] = kwargs.pop('async_')
    
        dsn = _ext.make_dsn(dsn, **kwargs)
>       conn = _connect(dsn, connection_factory=connection_factory, **kwasync)
               ^^^^^^^^^^^^^^^^^^^^^^^^^^^^^^^^^^^^^^^^^^^^^^^^^^^^^^^^^^^^^^^
E       sqlalchemy.exc.OperationalError: (psycopg2.OperationalError) connection to server at "localhost" (::1), port 5432 failed: Connection refused
E       	Is the server running on that host and accepting TCP/IP connections?
E       connection to server at "localhost" (127.0.0.1), port 5432 failed: Connection refused
E       	Is the server running on that host and accepting TCP/IP connections?
E       
E       (Background on this error at: https://sqlalche.me/e/20/e3q8)

/usr/local/lib/python3.11/site-packages/psycopg2/__init__.py:122: OperationalError
----------------------------- Captured stderr call -----------------------------
2026-09-02 08:53:20,848 | INFO | Request started | request_id=d7649bcb-7ea2-4f8a-926f-969551eda675 | method=POST | path=/transactions/
------------------------------ Captured log call -------------------------------
INFO     pulsepay:request_middleware.py:28 Request started | request_id=d7649bcb-7ea2-4f8a-926f-969551eda675 | method=POST | path=/transactions/
=============================== warnings summary ===============================
../usr/local/lib/python3.11/site-packages/passlib/utils/__init__.py:854
  /usr/local/lib/python3.11/site-packages/passlib/utils/__init__.py:854: DeprecationWarning: 'crypt' is deprecated and slated for removal in Python 3.13
    from crypt import crypt as _crypt

-- Docs: https://docs.pytest.org/en/stable/how-to/capture-warnings.html
=========================== short test summary info ============================
FAILED tests/test_idempotency.py::test_same_request_returns_same_transaction
FAILED tests/test_idempotency.py::test_same_key_different_payload - sqlalchem...
FAILED tests/test_metrics.py::test_metrics_endpoint - sqlalchemy.exc.Operatio...
FAILED tests/test_payment_worker.py::test_payment_worker_executes - sqlalchem...
FAILED tests/test_transactions.py::test_create_transaction - sqlalchemy.exc.O...
==================== 5 failed, 7 passed, 1 warning in 2.81s ====================
